<?xml version="1.0" encoding="UTF-8"?>
<testsuites name="New Test Suite" time="436.81" tests="19" failures="2" errors="0">
   <testsuite name="New Test Suite" tests="19" failures="2" errors="0" time="436.81" timestamp="2020-02-18 14:49:40" hostname="vitaly - laptop-vitaly-rizaev.lan" id="Test Suites/New Test Suite">
      <properties>
         <property name="deviceName" value=""/>
         <property name="devicePlatform" value=""/>
         <property name="logFolder" value="/home/vitaly/git/katalon_1/Reports/20200218_144934/New Test Suite/20200218_144934"/>
         <property name="logFiles" value="/home/vitaly/git/katalon_1/Reports/20200218_144934/New Test Suite/20200218_144934/execution0.log"/>
         <property name="attachments" value="/home/vitaly/git/katalon_1/Reports/20200218_144934/New Test Suite/20200218_144934/1582026628703.png, /home/vitaly/git/katalon_1/Reports/20200218_144934/New Test Suite/20200218_144934/1582026692837.png"/>
         <property name="hostName" value="vitaly - laptop-vitaly-rizaev.lan"/>
         <property name="os" value="Linux 64bit"/>
         <property name="katalonVersion" value="7.0.6.1"/>
         <property name="browser" value="Chrome 79.0.3945.117"/>
         <property name="hostAddress" value="192.168.0.39"/>
         <property name="sessionId" value="439990e7d0bd20bf3054199529a4bb8e"/>
         <property name="seleniumVersion" value="3.141.59"/>
         <property name="proxyInformation" value="ProxyInformation{proxyOption=NO_PROXY, proxyServerType=HTTP, password=, proxyServerAddress=, proxyServerPort=0}"/>
         <property name="platform" value="Linux"/>
      </properties>
      <testcase name="Test Cases/Testing/2_Create, Import/1_Resource/Create email resource" time="48.159" classname="Test Cases/Testing/2_Create, Import/1_Resource/Create email resource" status="FAILED">
         <failure type="FAILED" message="Test Cases/Testing/2_Create, Import/1_Resource/Create email resource FAILED.
Reason:
com.kms.katalon.core.exception.StepFailedException: Unable to click on object 'Object Repository/Create/1_Resource/Resource_email/Page_ -/div_123 - Database_1'
	at com.kms.katalon.core.webui.keyword.internal.WebUIKeywordMain.stepFailed(WebUIKeywordMain.groovy:64)
	at com.kms.katalon.core.webui.keyword.internal.WebUIKeywordMain.runKeyword(WebUIKeywordMain.groovy:26)
	at com.kms.katalon.core.webui.keyword.builtin.ClickKeyword.click(ClickKeyword.groovy:79)
	at com.kms.katalon.core.webui.keyword.builtin.ClickKeyword.execute(ClickKeyword.groovy:42)
	at com.kms.katalon.core.keyword.internal.KeywordExecutor.executeKeywordForPlatform(KeywordExecutor.groovy:60)
	at com.kms.katalon.core.webui.keyword.WebUiBuiltInKeywords.click(WebUiBuiltInKeywords.groovy:616)
	at com.kms.katalon.core.webui.keyword.WebUiBuiltInKeywords$click$3.call(Unknown Source)
	at Create email resource.run(Create email resource:41)
	at com.kms.katalon.core.main.ScriptEngine.run(ScriptEngine.java:194)
	at com.kms.katalon.core.main.ScriptEngine.runScriptAsRawText(ScriptEngine.java:119)
	at com.kms.katalon.core.main.TestCaseExecutor.runScript(TestCaseExecutor.java:337)
	at com.kms.katalon.core.main.TestCaseExecutor.doExecute(TestCaseExecutor.java:328)
	at com.kms.katalon.core.main.TestCaseExecutor.processExecutionPhase(TestCaseExecutor.java:307)
	at com.kms.katalon.core.main.TestCaseExecutor.accessMainPhase(TestCaseExecutor.java:299)
	at com.kms.katalon.core.main.TestCaseExecutor.execute(TestCaseExecutor.java:233)
	at com.kms.katalon.core.main.TestSuiteExecutor.accessTestCaseMainPhase(TestSuiteExecutor.java:169)
	at com.kms.katalon.core.main.TestSuiteExecutor.accessTestSuiteMainPhase(TestSuiteExecutor.java:142)
	at com.kms.katalon.core.main.TestSuiteExecutor.execute(TestSuiteExecutor.java:91)
	at com.kms.katalon.core.main.TestCaseMain.startTestSuite(TestCaseMain.java:157)
	at com.kms.katalon.core.main.TestCaseMain$startTestSuite$0.call(Unknown Source)
	at TempTestSuite1582026574912.run(TempTestSuite1582026574912.groovy:36)
Caused by: org.openqa.selenium.TimeoutException: Expected condition failed: waiting for element to be clickable: [[CChromeDriver: chrome on LINUX (ef6346b7768b8ab066f10de02b47c00f)] -> xpath: //div[@id='list_ids']/div/div[2]/div[2]] (tried for 30 second(s) with 500 milliseconds interval)
Build info: version: '3.141.59', revision: 'e82be7d358', time: '2018-11-14T08:25:53'
System info: host: 'laptop-vitaly-rizaev.lan', ip: '192.168.0.39', os.name: 'Linux', os.arch: 'amd64', os.version: '5.3.0-28-generic', java.version: '1.8.0_242'
Driver info: com.kms.katalon.core.webui.driver.SmartWaitWebDriver
Capabilities {acceptInsecureCerts: false, browserName: chrome, browserVersion: 79.0.3945.117, chrome: {chromedriverVersion: 78.0.3904.70 (edb9c9f3de024..., userDataDir: /tmp/.com.google.Chrome.vZ8P00}, goog:chromeOptions: {debuggerAddress: localhost:42881}, javascriptEnabled: true, networkConnectionEnabled: false, pageLoadStrategy: normal, platform: LINUX, platformName: LINUX, proxy: Proxy(), setWindowRect: true, strictFileInteractability: false, timeouts: {implicit: 0, pageLoad: 300000, script: 30000}, unhandledPromptBehavior: dismiss and notify}
Session ID: ef6346b7768b8ab066f10de02b47c00f
	at org.openqa.selenium.support.ui.WebDriverWait.timeoutException(WebDriverWait.java:95)
	at org.openqa.selenium.support.ui.FluentWait.until(FluentWait.java:272)
	at com.kms.katalon.core.webui.keyword.builtin.ClickKeyword$_click_closure1.doCall(ClickKeyword.groovy:56)
	at com.kms.katalon.core.webui.keyword.builtin.ClickKeyword$_click_closure1.call(ClickKeyword.groovy)
	at com.kms.katalon.core.webui.keyword.internal.WebUIKeywordMain.runKeyword(WebUIKeywordMain.groovy:20)
	... 19 more
"/>
         <system-out><![CDATA[2020-02-18 14:49:40 - [TEST_CASE][FAILED] - Test Cases/Testing/2_Create, Import/1_Resource/Create email resource: Test Cases/Testing/2_Create, Import/1_Resource/Create email resource FAILED.
Reason:
com.kms.katalon.core.exception.StepFailedException: Unable to click on object 'Object Repository/Create/1_Resource/Resource_email/Page_ -/div_123 - Database_1'
	at com.kms.katalon.core.webui.keyword.internal.WebUIKeywordMain.stepFailed(WebUIKeywordMain.groovy:64)
	at com.kms.katalon.core.webui.keyword.internal.WebUIKeywordMain.runKeyword(WebUIKeywordMain.groovy:26)
	at com.kms.katalon.core.webui.keyword.builtin.ClickKeyword.click(ClickKeyword.groovy:79)
	at com.kms.katalon.core.webui.keyword.builtin.ClickKeyword.execute(ClickKeyword.groovy:42)
	at com.kms.katalon.core.keyword.internal.KeywordExecutor.executeKeywordForPlatform(KeywordExecutor.groovy:60)
	at com.kms.katalon.core.webui.keyword.WebUiBuiltInKeywords.click(WebUiBuiltInKeywords.groovy:616)
	at com.kms.katalon.core.webui.keyword.WebUiBuiltInKeywords$click$3.call(Unknown Source)
	at Create email resource.run(Create email resource:41)
	at com.kms.katalon.core.main.ScriptEngine.run(ScriptEngine.java:194)
	at com.kms.katalon.core.main.ScriptEngine.runScriptAsRawText(ScriptEngine.java:119)
	at com.kms.katalon.core.main.TestCaseExecutor.runScript(TestCaseExecutor.java:337)
	at com.kms.katalon.core.main.TestCaseExecutor.doExecute(TestCaseExecutor.java:328)
	at com.kms.katalon.core.main.TestCaseExecutor.processExecutionPhase(TestCaseExecutor.java:307)
	at com.kms.katalon.core.main.TestCaseExecutor.accessMainPhase(TestCaseExecutor.java:299)
	at com.kms.katalon.core.main.TestCaseExecutor.execute(TestCaseExecutor.java:233)
	at com.kms.katalon.core.main.TestSuiteExecutor.accessTestCaseMainPhase(TestSuiteExecutor.java:169)
	at com.kms.katalon.core.main.TestSuiteExecutor.accessTestSuiteMainPhase(TestSuiteExecutor.java:142)
	at com.kms.katalon.core.main.TestSuiteExecutor.execute(TestSuiteExecutor.java:91)
	at com.kms.katalon.core.main.TestCaseMain.startTestSuite(TestCaseMain.java:157)
	at com.kms.katalon.core.main.TestCaseMain$startTestSuite$0.call(Unknown Source)
	at TempTestSuite1582026574912.run(TempTestSuite1582026574912.groovy:36)
Caused by: org.openqa.selenium.TimeoutException: Expected condition failed: waiting for element to be clickable: [[CChromeDriver: chrome on LINUX (ef6346b7768b8ab066f10de02b47c00f)] -> xpath: //div[@id='list_ids']/div/div[2]/div[2]] (tried for 30 second(s) with 500 milliseconds interval)
Build info: version: '3.141.59', revision: 'e82be7d358', time: '2018-11-14T08:25:53'
System info: host: 'laptop-vitaly-rizaev.lan', ip: '192.168.0.39', os.name: 'Linux', os.arch: 'amd64', os.version: '5.3.0-28-generic', java.version: '1.8.0_242'
Driver info: com.kms.katalon.core.webui.driver.SmartWaitWebDriver
Capabilities {acceptInsecureCerts: false, browserName: chrome, browserVersion: 79.0.3945.117, chrome: {chromedriverVersion: 78.0.3904.70 (edb9c9f3de024..., userDataDir: /tmp/.com.google.Chrome.vZ8P00}, goog:chromeOptions: {debuggerAddress: localhost:42881}, javascriptEnabled: true, networkConnectionEnabled: false, pageLoadStrategy: normal, platform: LINUX, platformName: LINUX, proxy: Proxy(), setWindowRect: true, strictFileInteractability: false, timeouts: {implicit: 0, pageLoad: 300000, script: 30000}, unhandledPromptBehavior: dismiss and notify}
Session ID: ef6346b7768b8ab066f10de02b47c00f
	at org.openqa.selenium.support.ui.WebDriverWait.timeoutException(WebDriverWait.java:95)
	at org.openqa.selenium.support.ui.FluentWait.until(FluentWait.java:272)
	at com.kms.katalon.core.webui.keyword.builtin.ClickKeyword$_click_closure1.doCall(ClickKeyword.groovy:56)
	at com.kms.katalon.core.webui.keyword.builtin.ClickKeyword$_click_closure1.call(ClickKeyword.groovy)
	at com.kms.katalon.core.webui.keyword.internal.WebUIKeywordMain.runKeyword(WebUIKeywordMain.groovy:20)
	... 19 more


2020-02-18 14:49:41 - [TEST_STEP][PASSED] - openBrowser(""): Browser is opened with url: ''

2020-02-18 14:49:41 - [MESSAGE][INFO] - Starting 'Chrome' driver

2020-02-18 14:49:41 - [MESSAGE][INFO] - User set preference: ['chrome_profile', '{browser.download.folderList=2.0, browser.download.manager.showWhenStarting=false, browser.helperApps.neverAsk.saveToDisk=text/csv}']

2020-02-18 14:49:41 - [MESSAGE][INFO] - Action delay is set to 0 seconds

2020-02-18 14:49:43 - [MESSAGE][PASSED] - Browser is opened with url: ''

2020-02-18 14:49:43 - [TEST_STEP][PASSED] - navigateToUrl(Domain): Navigate to 'https://vitaly-rizaev.dev.altkraft.com/home' successfully

2020-02-18 14:49:44 - [MESSAGE][PASSED] - Navigate to 'https://vitaly-rizaev.dev.altkraft.com/home' successfully

2020-02-18 14:49:44 - [TEST_STEP][PASSED] - setText(findTestObject("Create/1_Resource/Resource_email/Page_/input__username"), Login): Text 'vitaly@vitaly' is set on object 'Object Repository/Create/1_Resource/Resource_email/Page_/input__username'

2020-02-18 14:49:44 - [MESSAGE][PASSED] - Text 'vitaly@vitaly' is set on object 'Object Repository/Create/1_Resource/Resource_email/Page_/input__username'

2020-02-18 14:49:44 - [TEST_STEP][PASSED] - setEncryptedText(findTestObject("Create/1_Resource/Resource_email/Page_/input__password"), Password): Text ****** has been set on object 'Object Repository/Create/1_Resource/Resource_email/Page_/input__password'

2020-02-18 14:49:45 - [MESSAGE][PASSED] - Text ****** has been set on object 'Object Repository/Create/1_Resource/Resource_email/Page_/input__password'

2020-02-18 14:49:45 - [TEST_STEP][PASSED] - click(findTestObject("Create/1_Resource/Resource_email/Page_/div_")): Object: 'Object Repository/Create/1_Resource/Resource_email/Page_/div_' is clicked on

2020-02-18 14:49:45 - [MESSAGE][PASSED] - Object: 'Object Repository/Create/1_Resource/Resource_email/Page_/div_' is clicked on

2020-02-18 14:49:45 - [TEST_STEP][PASSED] - click(findTestObject("Create/1_Resource/Resource_email/Page_AK Dashboard/a_")): Object: 'Object Repository/Create/1_Resource/Resource_email/Page_AK Dashboard/a_' is clicked on

2020-02-18 14:49:51 - [MESSAGE][PASSED] - Object: 'Object Repository/Create/1_Resource/Resource_email/Page_AK Dashboard/a_' is clicked on

2020-02-18 14:49:51 - [TEST_STEP][PASSED] - click(findTestObject("Create/1_Resource/Resource_email/Page_/a_")): Object: 'Object Repository/Create/1_Resource/Resource_email/Page_/a_' is clicked on

2020-02-18 14:49:53 - [MESSAGE][PASSED] - Object: 'Object Repository/Create/1_Resource/Resource_email/Page_/a_' is clicked on

2020-02-18 14:49:53 - [TEST_STEP][PASSED] - click(findTestObject("Create/1_Resource/Resource_email/Page_/div_Email")): Object: 'Object Repository/Create/1_Resource/Resource_email/Page_/div_Email' is clicked on

2020-02-18 14:49:54 - [MESSAGE][PASSED] - Object: 'Object Repository/Create/1_Resource/Resource_email/Page_/div_Email' is clicked on

2020-02-18 14:49:54 - [TEST_STEP][PASSED] - setText(findTestObject("Create/1_Resource/Resource_email/Page_ -/input_ _name"), "Email_resource"): Text 'Email_resource' is set on object 'Object Repository/Create/1_Resource/Resource_email/Page_ -/input_ _name'

2020-02-18 14:49:56 - [MESSAGE][PASSED] - Text 'Email_resource' is set on object 'Object Repository/Create/1_Resource/Resource_email/Page_ -/input_ _name'

2020-02-18 14:49:56 - [TEST_STEP][PASSED] - click(findTestObject("Create/1_Resource/Resource_email/Page_ -/div_New Martian databaseDatabase_1New solar_05144d")): Object: 'Object Repository/Create/1_Resource/Resource_email/Page_ -/div_New Martian databaseDatabase_1New solar_05144d' is clicked on

2020-02-18 14:49:57 - [MESSAGE][PASSED] - Object: 'Object Repository/Create/1_Resource/Resource_email/Page_ -/div_New Martian databaseDatabase_1New solar_05144d' is clicked on

2020-02-18 14:49:57 - [TEST_STEP][PASSED] - setText(findTestObject("Create/1_Resource/Resource_email/Page_ -/input_ _search"), "Database_1"): Text 'Database_1' is set on object 'Object Repository/Create/1_Resource/Resource_email/Page_ -/input_ _search'

2020-02-18 14:49:58 - [MESSAGE][PASSED] - Text 'Database_1' is set on object 'Object Repository/Create/1_Resource/Resource_email/Page_ -/input_ _search'

2020-02-18 14:49:58 - [TEST_STEP][FAILED] - click(findTestObject("Create/1_Resource/Resource_email/Page_ -/div_123 - Database_1")): Unable to click on object 'Object Repository/Create/1_Resource/Resource_email/Page_ -/div_123 - Database_1' (Root cause: com.kms.katalon.core.exception.StepFailedException: Unable to click on object 'Object Repository/Create/1_Resource/Resource_email/Page_ -/div_123 - Database_1'
	at com.kms.katalon.core.webui.keyword.internal.WebUIKeywordMain.stepFailed(WebUIKeywordMain.groovy:64)
	at com.kms.katalon.core.webui.keyword.internal.WebUIKeywordMain.runKeyword(WebUIKeywordMain.groovy:26)
	at com.kms.katalon.core.webui.keyword.builtin.ClickKeyword.click(ClickKeyword.groovy:79)
	at com.kms.katalon.core.webui.keyword.builtin.ClickKeyword.execute(ClickKeyword.groovy:42)
	at com.kms.katalon.core.keyword.internal.KeywordExecutor.executeKeywordForPlatform(KeywordExecutor.groovy:60)
	at com.kms.katalon.core.webui.keyword.WebUiBuiltInKeywords.click(WebUiBuiltInKeywords.groovy:616)
	at com.kms.katalon.core.webui.keyword.WebUiBuiltInKeywords$click$3.call(Unknown Source)
	at Create email resource.run(Create email resource:41)
	at com.kms.katalon.core.main.ScriptEngine.run(ScriptEngine.java:194)
	at com.kms.katalon.core.main.ScriptEngine.runScriptAsRawText(ScriptEngine.java:119)
	at com.kms.katalon.core.main.TestCaseExecutor.runScript(TestCaseExecutor.java:337)
	at com.kms.katalon.core.main.TestCaseExecutor.doExecute(TestCaseExecutor.java:328)
	at com.kms.katalon.core.main.TestCaseExecutor.processExecutionPhase(TestCaseExecutor.java:307)
	at com.kms.katalon.core.main.TestCaseExecutor.accessMainPhase(TestCaseExecutor.java:299)
	at com.kms.katalon.core.main.TestCaseExecutor.execute(TestCaseExecutor.java:233)
	at com.kms.katalon.core.main.TestSuiteExecutor.accessTestCaseMainPhase(TestSuiteExecutor.java:169)
	at com.kms.katalon.core.main.TestSuiteExecutor.accessTestSuiteMainPhase(TestSuiteExecutor.java:142)
	at com.kms.katalon.core.main.TestSuiteExecutor.execute(TestSuiteExecutor.java:91)
	at com.kms.katalon.core.main.TestCaseMain.startTestSuite(TestCaseMain.java:157)
	at com.kms.katalon.core.main.TestCaseMain$startTestSuite$0.call(Unknown Source)
	at TempTestSuite1582026574912.run(TempTestSuite1582026574912.groovy:36)
Caused by: org.openqa.selenium.TimeoutException: Expected condition failed: waiting for element to be clickable: [[CChromeDriver: chrome on LINUX (ef6346b7768b8ab066f10de02b47c00f)] -> xpath: //div[@id='list_ids']/div/div[2]/div[2]] (tried for 30 second(s) with 500 milliseconds interval)
Build info: version: '3.141.59', revision: 'e82be7d358', time: '2018-11-14T08:25:53'
System info: host: 'laptop-vitaly-rizaev.lan', ip: '192.168.0.39', os.name: 'Linux', os.arch: 'amd64', os.version: '5.3.0-28-generic', java.version: '1.8.0_242'
Driver info: com.kms.katalon.core.webui.driver.SmartWaitWebDriver
Capabilities {acceptInsecureCerts: false, browserName: chrome, browserVersion: 79.0.3945.117, chrome: {chromedriverVersion: 78.0.3904.70 (edb9c9f3de024..., userDataDir: /tmp/.com.google.Chrome.vZ8P00}, goog:chromeOptions: {debuggerAddress: localhost:42881}, javascriptEnabled: true, networkConnectionEnabled: false, pageLoadStrategy: normal, platform: LINUX, platformName: LINUX, proxy: Proxy(), setWindowRect: true, strictFileInteractability: false, timeouts: {implicit: 0, pageLoad: 300000, script: 30000}, unhandledPromptBehavior: dismiss and notify}
Session ID: ef6346b7768b8ab066f10de02b47c00f
	at org.openqa.selenium.support.ui.WebDriverWait.timeoutException(WebDriverWait.java:95)
	at org.openqa.selenium.support.ui.FluentWait.until(FluentWait.java:272)
	at com.kms.katalon.core.webui.keyword.builtin.ClickKeyword$_click_closure1.doCall(ClickKeyword.groovy:56)
	at com.kms.katalon.core.webui.keyword.builtin.ClickKeyword$_click_closure1.call(ClickKeyword.groovy)
	at com.kms.katalon.core.webui.keyword.internal.WebUIKeywordMain.runKeyword(WebUIKeywordMain.groovy:20)
	at com.kms.katalon.core.webui.keyword.builtin.ClickKeyword.click(ClickKeyword.groovy:79)
	at com.kms.katalon.core.webui.keyword.builtin.ClickKeyword.execute(ClickKeyword.groovy:42)
	at com.kms.katalon.core.keyword.internal.KeywordExecutor.executeKeywordForPlatform(KeywordExecutor.groovy:60)
	at com.kms.katalon.core.webui.keyword.WebUiBuiltInKeywords.click(WebUiBuiltInKeywords.groovy:616)
	at com.kms.katalon.core.webui.keyword.WebUiBuiltInKeywords$click$3.call(Unknown Source)
	at Script1582016472083.run(Script1582016472083.groovy:41)
	... 13 more
)

2020-02-18 14:50:28 - [MESSAGE][FAILED] - Unable to click on object 'Object Repository/Create/1_Resource/Resource_email/Page_ -/div_123 - Database_1' (Root cause: com.kms.katalon.core.exception.StepFailedException: Unable to click on object 'Object Repository/Create/1_Resource/Resource_email/Page_ -/div_123 - Database_1'
	at com.kms.katalon.core.webui.keyword.internal.WebUIKeywordMain.stepFailed(WebUIKeywordMain.groovy:64)
	at com.kms.katalon.core.webui.keyword.internal.WebUIKeywordMain.runKeyword(WebUIKeywordMain.groovy:26)
	at com.kms.katalon.core.webui.keyword.builtin.ClickKeyword.click(ClickKeyword.groovy:79)
	at com.kms.katalon.core.webui.keyword.builtin.ClickKeyword.execute(ClickKeyword.groovy:42)
	at com.kms.katalon.core.keyword.internal.KeywordExecutor.executeKeywordForPlatform(KeywordExecutor.groovy:60)
	at com.kms.katalon.core.webui.keyword.WebUiBuiltInKeywords.click(WebUiBuiltInKeywords.groovy:616)
	at com.kms.katalon.core.webui.keyword.WebUiBuiltInKeywords$click$3.call(Unknown Source)
	at Create email resource.run(Create email resource:41)
	at com.kms.katalon.core.main.ScriptEngine.run(ScriptEngine.java:194)
	at com.kms.katalon.core.main.ScriptEngine.runScriptAsRawText(ScriptEngine.java:119)
	at com.kms.katalon.core.main.TestCaseExecutor.runScript(TestCaseExecutor.java:337)
	at com.kms.katalon.core.main.TestCaseExecutor.doExecute(TestCaseExecutor.java:328)
	at com.kms.katalon.core.main.TestCaseExecutor.processExecutionPhase(TestCaseExecutor.java:307)
	at com.kms.katalon.core.main.TestCaseExecutor.accessMainPhase(TestCaseExecutor.java:299)
	at com.kms.katalon.core.main.TestCaseExecutor.execute(TestCaseExecutor.java:233)
	at com.kms.katalon.core.main.TestSuiteExecutor.accessTestCaseMainPhase(TestSuiteExecutor.java:169)
	at com.kms.katalon.core.main.TestSuiteExecutor.accessTestSuiteMainPhase(TestSuiteExecutor.java:142)
	at com.kms.katalon.core.main.TestSuiteExecutor.execute(TestSuiteExecutor.java:91)
	at com.kms.katalon.core.main.TestCaseMain.startTestSuite(TestCaseMain.java:157)
	at com.kms.katalon.core.main.TestCaseMain$startTestSuite$0.call(Unknown Source)
	at TempTestSuite1582026574912.run(TempTestSuite1582026574912.groovy:36)
Caused by: org.openqa.selenium.TimeoutException: Expected condition failed: waiting for element to be clickable: [[CChromeDriver: chrome on LINUX (ef6346b7768b8ab066f10de02b47c00f)] -> xpath: //div[@id='list_ids']/div/div[2]/div[2]] (tried for 30 second(s) with 500 milliseconds interval)
Build info: version: '3.141.59', revision: 'e82be7d358', time: '2018-11-14T08:25:53'
System info: host: 'laptop-vitaly-rizaev.lan', ip: '192.168.0.39', os.name: 'Linux', os.arch: 'amd64', os.version: '5.3.0-28-generic', java.version: '1.8.0_242'
Driver info: com.kms.katalon.core.webui.driver.SmartWaitWebDriver
Capabilities {acceptInsecureCerts: false, browserName: chrome, browserVersion: 79.0.3945.117, chrome: {chromedriverVersion: 78.0.3904.70 (edb9c9f3de024..., userDataDir: /tmp/.com.google.Chrome.vZ8P00}, goog:chromeOptions: {debuggerAddress: localhost:42881}, javascriptEnabled: true, networkConnectionEnabled: false, pageLoadStrategy: normal, platform: LINUX, platformName: LINUX, proxy: Proxy(), setWindowRect: true, strictFileInteractability: false, timeouts: {implicit: 0, pageLoad: 300000, script: 30000}, unhandledPromptBehavior: dismiss and notify}
Session ID: ef6346b7768b8ab066f10de02b47c00f
	at org.openqa.selenium.support.ui.WebDriverWait.timeoutException(WebDriverWait.java:95)
	at org.openqa.selenium.support.ui.FluentWait.until(FluentWait.java:272)
	at com.kms.katalon.core.webui.keyword.builtin.ClickKeyword$_click_closure1.doCall(ClickKeyword.groovy:56)
	at com.kms.katalon.core.webui.keyword.builtin.ClickKeyword$_click_closure1.call(ClickKeyword.groovy)
	at com.kms.katalon.core.webui.keyword.internal.WebUIKeywordMain.runKeyword(WebUIKeywordMain.groovy:20)
	at com.kms.katalon.core.webui.keyword.builtin.ClickKeyword.click(ClickKeyword.groovy:79)
	at com.kms.katalon.core.webui.keyword.builtin.ClickKeyword.execute(ClickKeyword.groovy:42)
	at com.kms.katalon.core.keyword.internal.KeywordExecutor.executeKeywordForPlatform(KeywordExecutor.groovy:60)
	at com.kms.katalon.core.webui.keyword.WebUiBuiltInKeywords.click(WebUiBuiltInKeywords.groovy:616)
	at com.kms.katalon.core.webui.keyword.WebUiBuiltInKeywords$click$3.call(Unknown Source)
	at Script1582016472083.run(Script1582016472083.groovy:41)
	... 13 more
)
[[ATTACHMENT|/home/vitaly/git/katalon_1/Reports/20200218_144934/New Test Suite/20200218_144934/1582026628703.png]]]]></system-out>
         <system-err><![CDATA[2020-02-18 14:49:40 - [TEST_CASE][FAILED] - Test Cases/Testing/2_Create, Import/1_Resource/Create email resource: Test Cases/Testing/2_Create, Import/1_Resource/Create email resource FAILED.
Reason:
com.kms.katalon.core.exception.StepFailedException: Unable to click on object 'Object Repository/Create/1_Resource/Resource_email/Page_ -/div_123 - Database_1'
	at com.kms.katalon.core.webui.keyword.internal.WebUIKeywordMain.stepFailed(WebUIKeywordMain.groovy:64)
	at com.kms.katalon.core.webui.keyword.internal.WebUIKeywordMain.runKeyword(WebUIKeywordMain.groovy:26)
	at com.kms.katalon.core.webui.keyword.builtin.ClickKeyword.click(ClickKeyword.groovy:79)
	at com.kms.katalon.core.webui.keyword.builtin.ClickKeyword.execute(ClickKeyword.groovy:42)
	at com.kms.katalon.core.keyword.internal.KeywordExecutor.executeKeywordForPlatform(KeywordExecutor.groovy:60)
	at com.kms.katalon.core.webui.keyword.WebUiBuiltInKeywords.click(WebUiBuiltInKeywords.groovy:616)
	at com.kms.katalon.core.webui.keyword.WebUiBuiltInKeywords$click$3.call(Unknown Source)
	at Create email resource.run(Create email resource:41)
	at com.kms.katalon.core.main.ScriptEngine.run(ScriptEngine.java:194)
	at com.kms.katalon.core.main.ScriptEngine.runScriptAsRawText(ScriptEngine.java:119)
	at com.kms.katalon.core.main.TestCaseExecutor.runScript(TestCaseExecutor.java:337)
	at com.kms.katalon.core.main.TestCaseExecutor.doExecute(TestCaseExecutor.java:328)
	at com.kms.katalon.core.main.TestCaseExecutor.processExecutionPhase(TestCaseExecutor.java:307)
	at com.kms.katalon.core.main.TestCaseExecutor.accessMainPhase(TestCaseExecutor.java:299)
	at com.kms.katalon.core.main.TestCaseExecutor.execute(TestCaseExecutor.java:233)
	at com.kms.katalon.core.main.TestSuiteExecutor.accessTestCaseMainPhase(TestSuiteExecutor.java:169)
	at com.kms.katalon.core.main.TestSuiteExecutor.accessTestSuiteMainPhase(TestSuiteExecutor.java:142)
	at com.kms.katalon.core.main.TestSuiteExecutor.execute(TestSuiteExecutor.java:91)
	at com.kms.katalon.core.main.TestCaseMain.startTestSuite(TestCaseMain.java:157)
	at com.kms.katalon.core.main.TestCaseMain$startTestSuite$0.call(Unknown Source)
	at TempTestSuite1582026574912.run(TempTestSuite1582026574912.groovy:36)
Caused by: org.openqa.selenium.TimeoutException: Expected condition failed: waiting for element to be clickable: [[CChromeDriver: chrome on LINUX (ef6346b7768b8ab066f10de02b47c00f)] -> xpath: //div[@id='list_ids']/div/div[2]/div[2]] (tried for 30 second(s) with 500 milliseconds interval)
Build info: version: '3.141.59', revision: 'e82be7d358', time: '2018-11-14T08:25:53'
System info: host: 'laptop-vitaly-rizaev.lan', ip: '192.168.0.39', os.name: 'Linux', os.arch: 'amd64', os.version: '5.3.0-28-generic', java.version: '1.8.0_242'
Driver info: com.kms.katalon.core.webui.driver.SmartWaitWebDriver
Capabilities {acceptInsecureCerts: false, browserName: chrome, browserVersion: 79.0.3945.117, chrome: {chromedriverVersion: 78.0.3904.70 (edb9c9f3de024..., userDataDir: /tmp/.com.google.Chrome.vZ8P00}, goog:chromeOptions: {debuggerAddress: localhost:42881}, javascriptEnabled: true, networkConnectionEnabled: false, pageLoadStrategy: normal, platform: LINUX, platformName: LINUX, proxy: Proxy(), setWindowRect: true, strictFileInteractability: false, timeouts: {implicit: 0, pageLoad: 300000, script: 30000}, unhandledPromptBehavior: dismiss and notify}
Session ID: ef6346b7768b8ab066f10de02b47c00f
	at org.openqa.selenium.support.ui.WebDriverWait.timeoutException(WebDriverWait.java:95)
	at org.openqa.selenium.support.ui.FluentWait.until(FluentWait.java:272)
	at com.kms.katalon.core.webui.keyword.builtin.ClickKeyword$_click_closure1.doCall(ClickKeyword.groovy:56)
	at com.kms.katalon.core.webui.keyword.builtin.ClickKeyword$_click_closure1.call(ClickKeyword.groovy)
	at com.kms.katalon.core.webui.keyword.internal.WebUIKeywordMain.runKeyword(WebUIKeywordMain.groovy:20)
	... 19 more]]></system-err>
      </testcase>
      <testcase name="Test Cases/Testing/2_Create, Import/1_Resource/Create push resource" time="19.486" classname="Test Cases/Testing/2_Create, Import/1_Resource/Create push resource" status="PASSED">
         <system-out><![CDATA[2020-02-18 14:50:28 - [TEST_CASE][PASSED] - Test Cases/Testing/2_Create, Import/1_Resource/Create push resource: Test Cases/Testing/2_Create, Import/1_Resource/Create push resource

2020-02-18 14:50:29 - [TEST_STEP][PASSED] - openBrowser(""): Browser is opened with url: ''

2020-02-18 14:50:29 - [MESSAGE][WARNING] - A browser is already opened. Closing browser and opening a new one

2020-02-18 14:50:29 - [MESSAGE][INFO] - Starting 'Chrome' driver

2020-02-18 14:50:29 - [MESSAGE][INFO] - User set preference: ['chrome_profile', '{browser.download.folderList=2.0, browser.download.manager.showWhenStarting=false, browser.helperApps.neverAsk.saveToDisk=text/csv}']

2020-02-18 14:50:29 - [MESSAGE][PASSED] - Browser is opened with url: ''

2020-02-18 14:50:29 - [TEST_STEP][PASSED] - navigateToUrl(Domain): Navigate to 'https://vitaly-rizaev.dev.altkraft.com/home' successfully

2020-02-18 14:50:30 - [MESSAGE][PASSED] - Navigate to 'https://vitaly-rizaev.dev.altkraft.com/home' successfully

2020-02-18 14:50:30 - [TEST_STEP][PASSED] - setText(findTestObject("Create/1_Resource/Resource_push/Page_/input__username"), Login): Text 'vitaly@vitaly' is set on object 'Object Repository/Create/1_Resource/Resource_push/Page_/input__username'

2020-02-18 14:50:30 - [MESSAGE][PASSED] - Text 'vitaly@vitaly' is set on object 'Object Repository/Create/1_Resource/Resource_push/Page_/input__username'

2020-02-18 14:50:30 - [TEST_STEP][PASSED] - click(findTestObject("Create/1_Resource/Resource_push/Page_/div_                                       _a545a9")): Object: 'Object Repository/Create/1_Resource/Resource_push/Page_/div_                                       _a545a9' is clicked on

2020-02-18 14:50:31 - [MESSAGE][PASSED] - Object: 'Object Repository/Create/1_Resource/Resource_push/Page_/div_                                       _a545a9' is clicked on

2020-02-18 14:50:31 - [TEST_STEP][PASSED] - setEncryptedText(findTestObject("Create/1_Resource/Resource_push/Page_/input__password"), Password): Text ****** has been set on object 'Object Repository/Create/1_Resource/Resource_push/Page_/input__password'

2020-02-18 14:50:31 - [MESSAGE][PASSED] - Text ****** has been set on object 'Object Repository/Create/1_Resource/Resource_push/Page_/input__password'

2020-02-18 14:50:31 - [TEST_STEP][PASSED] - click(findTestObject("Create/1_Resource/Resource_push/Page_/div_")): Object: 'Object Repository/Create/1_Resource/Resource_push/Page_/div_' is clicked on

2020-02-18 14:50:32 - [MESSAGE][PASSED] - Object: 'Object Repository/Create/1_Resource/Resource_push/Page_/div_' is clicked on

2020-02-18 14:50:32 - [TEST_STEP][PASSED] - click(findTestObject("Create/1_Resource/Resource_push/Page_AK Dashboard/a_")): Object: 'Object Repository/Create/1_Resource/Resource_push/Page_AK Dashboard/a_' is clicked on

2020-02-18 14:50:36 - [MESSAGE][PASSED] - Object: 'Object Repository/Create/1_Resource/Resource_push/Page_AK Dashboard/a_' is clicked on

2020-02-18 14:50:36 - [TEST_STEP][PASSED] - click(findTestObject("Create/1_Resource/Resource_push/Page_/a_")): Object: 'Object Repository/Create/1_Resource/Resource_push/Page_/a_' is clicked on

2020-02-18 14:50:38 - [MESSAGE][PASSED] - Object: 'Object Repository/Create/1_Resource/Resource_push/Page_/a_' is clicked on

2020-02-18 14:50:38 - [TEST_STEP][PASSED] - click(findTestObject("Create/1_Resource/Resource_push/Page_/div_Push")): Object: 'Object Repository/Create/1_Resource/Resource_push/Page_/div_Push' is clicked on

2020-02-18 14:50:39 - [MESSAGE][PASSED] - Object: 'Object Repository/Create/1_Resource/Resource_push/Page_/div_Push' is clicked on

2020-02-18 14:50:39 - [TEST_STEP][PASSED] - setText(findTestObject("Create/1_Resource/Resource_push/Page_ -/input_ _name"), "Push_resource"): Text 'Push_resource' is set on object 'Object Repository/Create/1_Resource/Resource_push/Page_ -/input_ _name'

2020-02-18 14:50:41 - [MESSAGE][PASSED] - Text 'Push_resource' is set on object 'Object Repository/Create/1_Resource/Resource_push/Page_ -/input_ _name'

2020-02-18 14:50:41 - [TEST_STEP][PASSED] - click(findTestObject("Create/1_Resource/Resource_push/Page_ -/div_New Martian databaseDatabase_1New solar_05144d")): Object: 'Object Repository/Create/1_Resource/Resource_push/Page_ -/div_New Martian databaseDatabase_1New solar_05144d' is clicked on

2020-02-18 14:50:42 - [MESSAGE][PASSED] - Object: 'Object Repository/Create/1_Resource/Resource_push/Page_ -/div_New Martian databaseDatabase_1New solar_05144d' is clicked on

2020-02-18 14:50:42 - [TEST_STEP][PASSED] - setText(findTestObject("Create/1_Resource/Resource_push/Page_ -/input_ _search"), "Database_1"): Text 'Database_1' is set on object 'Object Repository/Create/1_Resource/Resource_push/Page_ -/input_ _search'

2020-02-18 14:50:43 - [MESSAGE][PASSED] - Text 'Database_1' is set on object 'Object Repository/Create/1_Resource/Resource_push/Page_ -/input_ _search'

2020-02-18 14:50:43 - [TEST_STEP][PASSED] - click(findTestObject("Create/1_Resource/Resource_push/Page_ -/div_123 - Database_1")): Object: 'Object Repository/Create/1_Resource/Resource_push/Page_ -/div_123 - Database_1' is clicked on

2020-02-18 14:50:43 - [MESSAGE][PASSED] - Object: 'Object Repository/Create/1_Resource/Resource_push/Page_ -/div_123 - Database_1' is clicked on

2020-02-18 14:50:43 - [TEST_STEP][PASSED] - selectOptionByValue(findTestObject("Create/1_Resource/Resource_push/Page_ -/select_New Martian databaseDatabase_1New so_07f9dc"), "123", true): All options with value '123' are selected in object 'Object Repository/Create/1_Resource/Resource_push/Page_ -/select_New Martian databaseDatabase_1New so_07f9dc'  using regular expression

2020-02-18 14:50:45 - [MESSAGE][PASSED] - All options with value '123' are selected in object 'Object Repository/Create/1_Resource/Resource_push/Page_ -/select_New Martian databaseDatabase_1New so_07f9dc'  using regular expression

2020-02-18 14:50:45 - [TEST_STEP][PASSED] - click(findTestObject("Create/1_Resource/Resource_push/Page_ -/div_                                       _294fb4")): Object: 'Object Repository/Create/1_Resource/Resource_push/Page_ -/div_                                       _294fb4' is clicked on

2020-02-18 14:50:46 - [MESSAGE][PASSED] - Object: 'Object Repository/Create/1_Resource/Resource_push/Page_ -/div_                                       _294fb4' is clicked on

2020-02-18 14:50:46 - [TEST_STEP][PASSED] - setText(findTestObject("Create/1_Resource/Resource_push/Page_ -/input_URL -   _url"), "http://example.com"): Text 'http://example.com' is set on object 'Object Repository/Create/1_Resource/Resource_push/Page_ -/input_URL -   _url'

2020-02-18 14:50:47 - [MESSAGE][PASSED] - Text 'http://example.com' is set on object 'Object Repository/Create/1_Resource/Resource_push/Page_ -/input_URL -   _url'

2020-02-18 14:50:47 - [TEST_STEP][PASSED] - setText(findTestObject("Create/1_Resource/Resource_push/Page_ -/input_   _trk_domain"), "trk.example.com"): Text 'trk.example.com' is set on object 'Object Repository/Create/1_Resource/Resource_push/Page_ -/input_   _trk_domain'

2020-02-18 14:50:47 - [MESSAGE][PASSED] - Text 'trk.example.com' is set on object 'Object Repository/Create/1_Resource/Resource_push/Page_ -/input_   _trk_domain'

2020-02-18 14:50:47 - [TEST_STEP][PASSED] - click(findTestObject("Create/1_Resource/Resource_push/Page_ -/button_")): Object: 'Object Repository/Create/1_Resource/Resource_push/Page_ -/button_' is clicked on

2020-02-18 14:50:48 - [MESSAGE][PASSED] - Object: 'Object Repository/Create/1_Resource/Resource_push/Page_ -/button_' is clicked on

2020-02-18 14:50:48 - [TEST_STEP][PASSED] - closeBrowser(): Browser is closed

2020-02-18 14:50:48 - [MESSAGE][PASSED] - Browser is closed]]></system-out>
         <system-err><![CDATA[]]></system-err>
      </testcase>
      <testcase name="Test Cases/Testing/2_Create, Import/1_Resource/Create SMS resource" time="44.618" classname="Test Cases/Testing/2_Create, Import/1_Resource/Create SMS resource" status="FAILED">
         <failure type="FAILED" message="Test Cases/Testing/2_Create, Import/1_Resource/Create SMS resource FAILED.
Reason:
com.kms.katalon.core.exception.StepFailedException: Unable to click on object 'Object Repository/Create/1_Resource/Resource_sms/Page_ -/div_123 - Database_1'
	at com.kms.katalon.core.webui.keyword.internal.WebUIKeywordMain.stepFailed(WebUIKeywordMain.groovy:64)
	at com.kms.katalon.core.webui.keyword.internal.WebUIKeywordMain.runKeyword(WebUIKeywordMain.groovy:26)
	at com.kms.katalon.core.webui.keyword.builtin.ClickKeyword.click(ClickKeyword.groovy:79)
	at com.kms.katalon.core.webui.keyword.builtin.ClickKeyword.execute(ClickKeyword.groovy:42)
	at com.kms.katalon.core.keyword.internal.KeywordExecutor.executeKeywordForPlatform(KeywordExecutor.groovy:60)
	at com.kms.katalon.core.webui.keyword.WebUiBuiltInKeywords.click(WebUiBuiltInKeywords.groovy:616)
	at com.kms.katalon.core.webui.keyword.WebUiBuiltInKeywords$click$3.call(Unknown Source)
	at Create SMS resource.run(Create SMS resource:41)
	at com.kms.katalon.core.main.ScriptEngine.run(ScriptEngine.java:194)
	at com.kms.katalon.core.main.ScriptEngine.runScriptAsRawText(ScriptEngine.java:119)
	at com.kms.katalon.core.main.TestCaseExecutor.runScript(TestCaseExecutor.java:337)
	at com.kms.katalon.core.main.TestCaseExecutor.doExecute(TestCaseExecutor.java:328)
	at com.kms.katalon.core.main.TestCaseExecutor.processExecutionPhase(TestCaseExecutor.java:307)
	at com.kms.katalon.core.main.TestCaseExecutor.accessMainPhase(TestCaseExecutor.java:299)
	at com.kms.katalon.core.main.TestCaseExecutor.execute(TestCaseExecutor.java:233)
	at com.kms.katalon.core.main.TestSuiteExecutor.accessTestCaseMainPhase(TestSuiteExecutor.java:169)
	at com.kms.katalon.core.main.TestSuiteExecutor.accessTestSuiteMainPhase(TestSuiteExecutor.java:142)
	at com.kms.katalon.core.main.TestSuiteExecutor.execute(TestSuiteExecutor.java:91)
	at com.kms.katalon.core.main.TestCaseMain.startTestSuite(TestCaseMain.java:157)
	at com.kms.katalon.core.main.TestCaseMain$startTestSuite$0.call(Unknown Source)
	at TempTestSuite1582026574912.run(TempTestSuite1582026574912.groovy:36)
Caused by: org.openqa.selenium.TimeoutException: Expected condition failed: waiting for element to be clickable: [[CChromeDriver: chrome on LINUX (77b7f91a165e6d6f9afc958ce1a8eb7f)] -> xpath: //div[@id='list_ids']/div/div[2]/div[2]] (tried for 30 second(s) with 500 milliseconds interval)
Build info: version: '3.141.59', revision: 'e82be7d358', time: '2018-11-14T08:25:53'
System info: host: 'laptop-vitaly-rizaev.lan', ip: '192.168.0.39', os.name: 'Linux', os.arch: 'amd64', os.version: '5.3.0-28-generic', java.version: '1.8.0_242'
Driver info: com.kms.katalon.core.webui.driver.SmartWaitWebDriver
Capabilities {acceptInsecureCerts: false, browserName: chrome, browserVersion: 79.0.3945.117, chrome: {chromedriverVersion: 78.0.3904.70 (edb9c9f3de024..., userDataDir: /tmp/.com.google.Chrome.yeTgX4}, goog:chromeOptions: {debuggerAddress: localhost:34179}, javascriptEnabled: true, networkConnectionEnabled: false, pageLoadStrategy: normal, platform: LINUX, platformName: LINUX, proxy: Proxy(), setWindowRect: true, strictFileInteractability: false, timeouts: {implicit: 0, pageLoad: 300000, script: 30000}, unhandledPromptBehavior: dismiss and notify}
Session ID: 77b7f91a165e6d6f9afc958ce1a8eb7f
	at org.openqa.selenium.support.ui.WebDriverWait.timeoutException(WebDriverWait.java:95)
	at org.openqa.selenium.support.ui.FluentWait.until(FluentWait.java:272)
	at com.kms.katalon.core.webui.keyword.builtin.ClickKeyword$_click_closure1.doCall(ClickKeyword.groovy:56)
	at com.kms.katalon.core.webui.keyword.builtin.ClickKeyword$_click_closure1.call(ClickKeyword.groovy)
	at com.kms.katalon.core.webui.keyword.internal.WebUIKeywordMain.runKeyword(WebUIKeywordMain.groovy:20)
	... 19 more
"/>
         <system-out><![CDATA[2020-02-18 14:50:48 - [TEST_CASE][FAILED] - Test Cases/Testing/2_Create, Import/1_Resource/Create SMS resource: Test Cases/Testing/2_Create, Import/1_Resource/Create SMS resource FAILED.
Reason:
com.kms.katalon.core.exception.StepFailedException: Unable to click on object 'Object Repository/Create/1_Resource/Resource_sms/Page_ -/div_123 - Database_1'
	at com.kms.katalon.core.webui.keyword.internal.WebUIKeywordMain.stepFailed(WebUIKeywordMain.groovy:64)
	at com.kms.katalon.core.webui.keyword.internal.WebUIKeywordMain.runKeyword(WebUIKeywordMain.groovy:26)
	at com.kms.katalon.core.webui.keyword.builtin.ClickKeyword.click(ClickKeyword.groovy:79)
	at com.kms.katalon.core.webui.keyword.builtin.ClickKeyword.execute(ClickKeyword.groovy:42)
	at com.kms.katalon.core.keyword.internal.KeywordExecutor.executeKeywordForPlatform(KeywordExecutor.groovy:60)
	at com.kms.katalon.core.webui.keyword.WebUiBuiltInKeywords.click(WebUiBuiltInKeywords.groovy:616)
	at com.kms.katalon.core.webui.keyword.WebUiBuiltInKeywords$click$3.call(Unknown Source)
	at Create SMS resource.run(Create SMS resource:41)
	at com.kms.katalon.core.main.ScriptEngine.run(ScriptEngine.java:194)
	at com.kms.katalon.core.main.ScriptEngine.runScriptAsRawText(ScriptEngine.java:119)
	at com.kms.katalon.core.main.TestCaseExecutor.runScript(TestCaseExecutor.java:337)
	at com.kms.katalon.core.main.TestCaseExecutor.doExecute(TestCaseExecutor.java:328)
	at com.kms.katalon.core.main.TestCaseExecutor.processExecutionPhase(TestCaseExecutor.java:307)
	at com.kms.katalon.core.main.TestCaseExecutor.accessMainPhase(TestCaseExecutor.java:299)
	at com.kms.katalon.core.main.TestCaseExecutor.execute(TestCaseExecutor.java:233)
	at com.kms.katalon.core.main.TestSuiteExecutor.accessTestCaseMainPhase(TestSuiteExecutor.java:169)
	at com.kms.katalon.core.main.TestSuiteExecutor.accessTestSuiteMainPhase(TestSuiteExecutor.java:142)
	at com.kms.katalon.core.main.TestSuiteExecutor.execute(TestSuiteExecutor.java:91)
	at com.kms.katalon.core.main.TestCaseMain.startTestSuite(TestCaseMain.java:157)
	at com.kms.katalon.core.main.TestCaseMain$startTestSuite$0.call(Unknown Source)
	at TempTestSuite1582026574912.run(TempTestSuite1582026574912.groovy:36)
Caused by: org.openqa.selenium.TimeoutException: Expected condition failed: waiting for element to be clickable: [[CChromeDriver: chrome on LINUX (77b7f91a165e6d6f9afc958ce1a8eb7f)] -> xpath: //div[@id='list_ids']/div/div[2]/div[2]] (tried for 30 second(s) with 500 milliseconds interval)
Build info: version: '3.141.59', revision: 'e82be7d358', time: '2018-11-14T08:25:53'
System info: host: 'laptop-vitaly-rizaev.lan', ip: '192.168.0.39', os.name: 'Linux', os.arch: 'amd64', os.version: '5.3.0-28-generic', java.version: '1.8.0_242'
Driver info: com.kms.katalon.core.webui.driver.SmartWaitWebDriver
Capabilities {acceptInsecureCerts: false, browserName: chrome, browserVersion: 79.0.3945.117, chrome: {chromedriverVersion: 78.0.3904.70 (edb9c9f3de024..., userDataDir: /tmp/.com.google.Chrome.yeTgX4}, goog:chromeOptions: {debuggerAddress: localhost:34179}, javascriptEnabled: true, networkConnectionEnabled: false, pageLoadStrategy: normal, platform: LINUX, platformName: LINUX, proxy: Proxy(), setWindowRect: true, strictFileInteractability: false, timeouts: {implicit: 0, pageLoad: 300000, script: 30000}, unhandledPromptBehavior: dismiss and notify}
Session ID: 77b7f91a165e6d6f9afc958ce1a8eb7f
	at org.openqa.selenium.support.ui.WebDriverWait.timeoutException(WebDriverWait.java:95)
	at org.openqa.selenium.support.ui.FluentWait.until(FluentWait.java:272)
	at com.kms.katalon.core.webui.keyword.builtin.ClickKeyword$_click_closure1.doCall(ClickKeyword.groovy:56)
	at com.kms.katalon.core.webui.keyword.builtin.ClickKeyword$_click_closure1.call(ClickKeyword.groovy)
	at com.kms.katalon.core.webui.keyword.internal.WebUIKeywordMain.runKeyword(WebUIKeywordMain.groovy:20)
	... 19 more


2020-02-18 14:50:48 - [TEST_STEP][PASSED] - openBrowser(""): Browser is opened with url: ''

2020-02-18 14:50:48 - [MESSAGE][INFO] - Starting 'Chrome' driver

2020-02-18 14:50:48 - [MESSAGE][INFO] - User set preference: ['chrome_profile', '{browser.download.folderList=2.0, browser.download.manager.showWhenStarting=false, browser.helperApps.neverAsk.saveToDisk=text/csv}']

2020-02-18 14:50:49 - [MESSAGE][PASSED] - Browser is opened with url: ''

2020-02-18 14:50:49 - [TEST_STEP][PASSED] - navigateToUrl(Domain): Navigate to 'https://vitaly-rizaev.dev.altkraft.com/home' successfully

2020-02-18 14:50:49 - [MESSAGE][PASSED] - Navigate to 'https://vitaly-rizaev.dev.altkraft.com/home' successfully

2020-02-18 14:50:49 - [TEST_STEP][PASSED] - setText(findTestObject("Create/1_Resource/Resource_sms/Page_/input__username"), Login): Text 'vitaly@vitaly' is set on object 'Object Repository/Create/1_Resource/Resource_sms/Page_/input__username'

2020-02-18 14:50:50 - [MESSAGE][PASSED] - Text 'vitaly@vitaly' is set on object 'Object Repository/Create/1_Resource/Resource_sms/Page_/input__username'

2020-02-18 14:50:50 - [TEST_STEP][PASSED] - setEncryptedText(findTestObject("Create/1_Resource/Resource_sms/Page_/input__password"), Password): Text ****** has been set on object 'Object Repository/Create/1_Resource/Resource_sms/Page_/input__password'

2020-02-18 14:50:50 - [MESSAGE][PASSED] - Text ****** has been set on object 'Object Repository/Create/1_Resource/Resource_sms/Page_/input__password'

2020-02-18 14:50:50 - [TEST_STEP][PASSED] - click(findTestObject("Create/1_Resource/Resource_sms/Page_/div_")): Object: 'Object Repository/Create/1_Resource/Resource_sms/Page_/div_' is clicked on

2020-02-18 14:50:51 - [MESSAGE][PASSED] - Object: 'Object Repository/Create/1_Resource/Resource_sms/Page_/div_' is clicked on

2020-02-18 14:50:51 - [TEST_STEP][PASSED] - click(findTestObject("Create/1_Resource/Resource_sms/Page_AK Dashboard/a_")): Object: 'Object Repository/Create/1_Resource/Resource_sms/Page_AK Dashboard/a_' is clicked on

2020-02-18 14:50:55 - [MESSAGE][PASSED] - Object: 'Object Repository/Create/1_Resource/Resource_sms/Page_AK Dashboard/a_' is clicked on

2020-02-18 14:50:55 - [TEST_STEP][PASSED] - click(findTestObject("Create/1_Resource/Resource_sms/Page_/a_")): Object: 'Object Repository/Create/1_Resource/Resource_sms/Page_/a_' is clicked on

2020-02-18 14:50:57 - [MESSAGE][PASSED] - Object: 'Object Repository/Create/1_Resource/Resource_sms/Page_/a_' is clicked on

2020-02-18 14:50:57 - [TEST_STEP][PASSED] - click(findTestObject("Create/1_Resource/Resource_sms/Page_/div_SMS")): Object: 'Object Repository/Create/1_Resource/Resource_sms/Page_/div_SMS' is clicked on

2020-02-18 14:50:58 - [MESSAGE][PASSED] - Object: 'Object Repository/Create/1_Resource/Resource_sms/Page_/div_SMS' is clicked on

2020-02-18 14:50:58 - [TEST_STEP][PASSED] - setText(findTestObject("Create/1_Resource/Resource_sms/Page_ -/input_ _name"), "SMS_resource"): Text 'SMS_resource' is set on object 'Object Repository/Create/1_Resource/Resource_sms/Page_ -/input_ _name'

2020-02-18 14:51:00 - [MESSAGE][PASSED] - Text 'SMS_resource' is set on object 'Object Repository/Create/1_Resource/Resource_sms/Page_ -/input_ _name'

2020-02-18 14:51:00 - [TEST_STEP][PASSED] - click(findTestObject("Create/1_Resource/Resource_sms/Page_ -/div_New Martian databaseDatabase_1New solar_05144d")): Object: 'Object Repository/Create/1_Resource/Resource_sms/Page_ -/div_New Martian databaseDatabase_1New solar_05144d' is clicked on

2020-02-18 14:51:01 - [MESSAGE][PASSED] - Object: 'Object Repository/Create/1_Resource/Resource_sms/Page_ -/div_New Martian databaseDatabase_1New solar_05144d' is clicked on

2020-02-18 14:51:01 - [TEST_STEP][PASSED] - setText(findTestObject("Create/1_Resource/Resource_sms/Page_ -/input_ _search"), "Database_1"): Text 'Database_1' is set on object 'Object Repository/Create/1_Resource/Resource_sms/Page_ -/input_ _search'

2020-02-18 14:51:02 - [MESSAGE][PASSED] - Text 'Database_1' is set on object 'Object Repository/Create/1_Resource/Resource_sms/Page_ -/input_ _search'

2020-02-18 14:51:02 - [TEST_STEP][FAILED] - click(findTestObject("Create/1_Resource/Resource_sms/Page_ -/div_123 - Database_1")): Unable to click on object 'Object Repository/Create/1_Resource/Resource_sms/Page_ -/div_123 - Database_1' (Root cause: com.kms.katalon.core.exception.StepFailedException: Unable to click on object 'Object Repository/Create/1_Resource/Resource_sms/Page_ -/div_123 - Database_1'
	at com.kms.katalon.core.webui.keyword.internal.WebUIKeywordMain.stepFailed(WebUIKeywordMain.groovy:64)
	at com.kms.katalon.core.webui.keyword.internal.WebUIKeywordMain.runKeyword(WebUIKeywordMain.groovy:26)
	at com.kms.katalon.core.webui.keyword.builtin.ClickKeyword.click(ClickKeyword.groovy:79)
	at com.kms.katalon.core.webui.keyword.builtin.ClickKeyword.execute(ClickKeyword.groovy:42)
	at com.kms.katalon.core.keyword.internal.KeywordExecutor.executeKeywordForPlatform(KeywordExecutor.groovy:60)
	at com.kms.katalon.core.webui.keyword.WebUiBuiltInKeywords.click(WebUiBuiltInKeywords.groovy:616)
	at com.kms.katalon.core.webui.keyword.WebUiBuiltInKeywords$click$3.call(Unknown Source)
	at Create SMS resource.run(Create SMS resource:41)
	at com.kms.katalon.core.main.ScriptEngine.run(ScriptEngine.java:194)
	at com.kms.katalon.core.main.ScriptEngine.runScriptAsRawText(ScriptEngine.java:119)
	at com.kms.katalon.core.main.TestCaseExecutor.runScript(TestCaseExecutor.java:337)
	at com.kms.katalon.core.main.TestCaseExecutor.doExecute(TestCaseExecutor.java:328)
	at com.kms.katalon.core.main.TestCaseExecutor.processExecutionPhase(TestCaseExecutor.java:307)
	at com.kms.katalon.core.main.TestCaseExecutor.accessMainPhase(TestCaseExecutor.java:299)
	at com.kms.katalon.core.main.TestCaseExecutor.execute(TestCaseExecutor.java:233)
	at com.kms.katalon.core.main.TestSuiteExecutor.accessTestCaseMainPhase(TestSuiteExecutor.java:169)
	at com.kms.katalon.core.main.TestSuiteExecutor.accessTestSuiteMainPhase(TestSuiteExecutor.java:142)
	at com.kms.katalon.core.main.TestSuiteExecutor.execute(TestSuiteExecutor.java:91)
	at com.kms.katalon.core.main.TestCaseMain.startTestSuite(TestCaseMain.java:157)
	at com.kms.katalon.core.main.TestCaseMain$startTestSuite$0.call(Unknown Source)
	at TempTestSuite1582026574912.run(TempTestSuite1582026574912.groovy:36)
Caused by: org.openqa.selenium.TimeoutException: Expected condition failed: waiting for element to be clickable: [[CChromeDriver: chrome on LINUX (77b7f91a165e6d6f9afc958ce1a8eb7f)] -> xpath: //div[@id='list_ids']/div/div[2]/div[2]] (tried for 30 second(s) with 500 milliseconds interval)
Build info: version: '3.141.59', revision: 'e82be7d358', time: '2018-11-14T08:25:53'
System info: host: 'laptop-vitaly-rizaev.lan', ip: '192.168.0.39', os.name: 'Linux', os.arch: 'amd64', os.version: '5.3.0-28-generic', java.version: '1.8.0_242'
Driver info: com.kms.katalon.core.webui.driver.SmartWaitWebDriver
Capabilities {acceptInsecureCerts: false, browserName: chrome, browserVersion: 79.0.3945.117, chrome: {chromedriverVersion: 78.0.3904.70 (edb9c9f3de024..., userDataDir: /tmp/.com.google.Chrome.yeTgX4}, goog:chromeOptions: {debuggerAddress: localhost:34179}, javascriptEnabled: true, networkConnectionEnabled: false, pageLoadStrategy: normal, platform: LINUX, platformName: LINUX, proxy: Proxy(), setWindowRect: true, strictFileInteractability: false, timeouts: {implicit: 0, pageLoad: 300000, script: 30000}, unhandledPromptBehavior: dismiss and notify}
Session ID: 77b7f91a165e6d6f9afc958ce1a8eb7f
	at org.openqa.selenium.support.ui.WebDriverWait.timeoutException(WebDriverWait.java:95)
	at org.openqa.selenium.support.ui.FluentWait.until(FluentWait.java:272)
	at com.kms.katalon.core.webui.keyword.builtin.ClickKeyword$_click_closure1.doCall(ClickKeyword.groovy:56)
	at com.kms.katalon.core.webui.keyword.builtin.ClickKeyword$_click_closure1.call(ClickKeyword.groovy)
	at com.kms.katalon.core.webui.keyword.internal.WebUIKeywordMain.runKeyword(WebUIKeywordMain.groovy:20)
	at com.kms.katalon.core.webui.keyword.builtin.ClickKeyword.click(ClickKeyword.groovy:79)
	at com.kms.katalon.core.webui.keyword.builtin.ClickKeyword.execute(ClickKeyword.groovy:42)
	at com.kms.katalon.core.keyword.internal.KeywordExecutor.executeKeywordForPlatform(KeywordExecutor.groovy:60)
	at com.kms.katalon.core.webui.keyword.WebUiBuiltInKeywords.click(WebUiBuiltInKeywords.groovy:616)
	at com.kms.katalon.core.webui.keyword.WebUiBuiltInKeywords$click$3.call(Unknown Source)
	at Script1582016472076.run(Script1582016472076.groovy:41)
	... 13 more
)

2020-02-18 14:51:33 - [MESSAGE][FAILED] - Unable to click on object 'Object Repository/Create/1_Resource/Resource_sms/Page_ -/div_123 - Database_1' (Root cause: com.kms.katalon.core.exception.StepFailedException: Unable to click on object 'Object Repository/Create/1_Resource/Resource_sms/Page_ -/div_123 - Database_1'
	at com.kms.katalon.core.webui.keyword.internal.WebUIKeywordMain.stepFailed(WebUIKeywordMain.groovy:64)
	at com.kms.katalon.core.webui.keyword.internal.WebUIKeywordMain.runKeyword(WebUIKeywordMain.groovy:26)
	at com.kms.katalon.core.webui.keyword.builtin.ClickKeyword.click(ClickKeyword.groovy:79)
	at com.kms.katalon.core.webui.keyword.builtin.ClickKeyword.execute(ClickKeyword.groovy:42)
	at com.kms.katalon.core.keyword.internal.KeywordExecutor.executeKeywordForPlatform(KeywordExecutor.groovy:60)
	at com.kms.katalon.core.webui.keyword.WebUiBuiltInKeywords.click(WebUiBuiltInKeywords.groovy:616)
	at com.kms.katalon.core.webui.keyword.WebUiBuiltInKeywords$click$3.call(Unknown Source)
	at Create SMS resource.run(Create SMS resource:41)
	at com.kms.katalon.core.main.ScriptEngine.run(ScriptEngine.java:194)
	at com.kms.katalon.core.main.ScriptEngine.runScriptAsRawText(ScriptEngine.java:119)
	at com.kms.katalon.core.main.TestCaseExecutor.runScript(TestCaseExecutor.java:337)
	at com.kms.katalon.core.main.TestCaseExecutor.doExecute(TestCaseExecutor.java:328)
	at com.kms.katalon.core.main.TestCaseExecutor.processExecutionPhase(TestCaseExecutor.java:307)
	at com.kms.katalon.core.main.TestCaseExecutor.accessMainPhase(TestCaseExecutor.java:299)
	at com.kms.katalon.core.main.TestCaseExecutor.execute(TestCaseExecutor.java:233)
	at com.kms.katalon.core.main.TestSuiteExecutor.accessTestCaseMainPhase(TestSuiteExecutor.java:169)
	at com.kms.katalon.core.main.TestSuiteExecutor.accessTestSuiteMainPhase(TestSuiteExecutor.java:142)
	at com.kms.katalon.core.main.TestSuiteExecutor.execute(TestSuiteExecutor.java:91)
	at com.kms.katalon.core.main.TestCaseMain.startTestSuite(TestCaseMain.java:157)
	at com.kms.katalon.core.main.TestCaseMain$startTestSuite$0.call(Unknown Source)
	at TempTestSuite1582026574912.run(TempTestSuite1582026574912.groovy:36)
Caused by: org.openqa.selenium.TimeoutException: Expected condition failed: waiting for element to be clickable: [[CChromeDriver: chrome on LINUX (77b7f91a165e6d6f9afc958ce1a8eb7f)] -> xpath: //div[@id='list_ids']/div/div[2]/div[2]] (tried for 30 second(s) with 500 milliseconds interval)
Build info: version: '3.141.59', revision: 'e82be7d358', time: '2018-11-14T08:25:53'
System info: host: 'laptop-vitaly-rizaev.lan', ip: '192.168.0.39', os.name: 'Linux', os.arch: 'amd64', os.version: '5.3.0-28-generic', java.version: '1.8.0_242'
Driver info: com.kms.katalon.core.webui.driver.SmartWaitWebDriver
Capabilities {acceptInsecureCerts: false, browserName: chrome, browserVersion: 79.0.3945.117, chrome: {chromedriverVersion: 78.0.3904.70 (edb9c9f3de024..., userDataDir: /tmp/.com.google.Chrome.yeTgX4}, goog:chromeOptions: {debuggerAddress: localhost:34179}, javascriptEnabled: true, networkConnectionEnabled: false, pageLoadStrategy: normal, platform: LINUX, platformName: LINUX, proxy: Proxy(), setWindowRect: true, strictFileInteractability: false, timeouts: {implicit: 0, pageLoad: 300000, script: 30000}, unhandledPromptBehavior: dismiss and notify}
Session ID: 77b7f91a165e6d6f9afc958ce1a8eb7f
	at org.openqa.selenium.support.ui.WebDriverWait.timeoutException(WebDriverWait.java:95)
	at org.openqa.selenium.support.ui.FluentWait.until(FluentWait.java:272)
	at com.kms.katalon.core.webui.keyword.builtin.ClickKeyword$_click_closure1.doCall(ClickKeyword.groovy:56)
	at com.kms.katalon.core.webui.keyword.builtin.ClickKeyword$_click_closure1.call(ClickKeyword.groovy)
	at com.kms.katalon.core.webui.keyword.internal.WebUIKeywordMain.runKeyword(WebUIKeywordMain.groovy:20)
	at com.kms.katalon.core.webui.keyword.builtin.ClickKeyword.click(ClickKeyword.groovy:79)
	at com.kms.katalon.core.webui.keyword.builtin.ClickKeyword.execute(ClickKeyword.groovy:42)
	at com.kms.katalon.core.keyword.internal.KeywordExecutor.executeKeywordForPlatform(KeywordExecutor.groovy:60)
	at com.kms.katalon.core.webui.keyword.WebUiBuiltInKeywords.click(WebUiBuiltInKeywords.groovy:616)
	at com.kms.katalon.core.webui.keyword.WebUiBuiltInKeywords$click$3.call(Unknown Source)
	at Script1582016472076.run(Script1582016472076.groovy:41)
	... 13 more
)
[[ATTACHMENT|/home/vitaly/git/katalon_1/Reports/20200218_144934/New Test Suite/20200218_144934/1582026692837.png]]]]></system-out>
         <system-err><![CDATA[2020-02-18 14:50:48 - [TEST_CASE][FAILED] - Test Cases/Testing/2_Create, Import/1_Resource/Create SMS resource: Test Cases/Testing/2_Create, Import/1_Resource/Create SMS resource FAILED.
Reason:
com.kms.katalon.core.exception.StepFailedException: Unable to click on object 'Object Repository/Create/1_Resource/Resource_sms/Page_ -/div_123 - Database_1'
	at com.kms.katalon.core.webui.keyword.internal.WebUIKeywordMain.stepFailed(WebUIKeywordMain.groovy:64)
	at com.kms.katalon.core.webui.keyword.internal.WebUIKeywordMain.runKeyword(WebUIKeywordMain.groovy:26)
	at com.kms.katalon.core.webui.keyword.builtin.ClickKeyword.click(ClickKeyword.groovy:79)
	at com.kms.katalon.core.webui.keyword.builtin.ClickKeyword.execute(ClickKeyword.groovy:42)
	at com.kms.katalon.core.keyword.internal.KeywordExecutor.executeKeywordForPlatform(KeywordExecutor.groovy:60)
	at com.kms.katalon.core.webui.keyword.WebUiBuiltInKeywords.click(WebUiBuiltInKeywords.groovy:616)
	at com.kms.katalon.core.webui.keyword.WebUiBuiltInKeywords$click$3.call(Unknown Source)
	at Create SMS resource.run(Create SMS resource:41)
	at com.kms.katalon.core.main.ScriptEngine.run(ScriptEngine.java:194)
	at com.kms.katalon.core.main.ScriptEngine.runScriptAsRawText(ScriptEngine.java:119)
	at com.kms.katalon.core.main.TestCaseExecutor.runScript(TestCaseExecutor.java:337)
	at com.kms.katalon.core.main.TestCaseExecutor.doExecute(TestCaseExecutor.java:328)
	at com.kms.katalon.core.main.TestCaseExecutor.processExecutionPhase(TestCaseExecutor.java:307)
	at com.kms.katalon.core.main.TestCaseExecutor.accessMainPhase(TestCaseExecutor.java:299)
	at com.kms.katalon.core.main.TestCaseExecutor.execute(TestCaseExecutor.java:233)
	at com.kms.katalon.core.main.TestSuiteExecutor.accessTestCaseMainPhase(TestSuiteExecutor.java:169)
	at com.kms.katalon.core.main.TestSuiteExecutor.accessTestSuiteMainPhase(TestSuiteExecutor.java:142)
	at com.kms.katalon.core.main.TestSuiteExecutor.execute(TestSuiteExecutor.java:91)
	at com.kms.katalon.core.main.TestCaseMain.startTestSuite(TestCaseMain.java:157)
	at com.kms.katalon.core.main.TestCaseMain$startTestSuite$0.call(Unknown Source)
	at TempTestSuite1582026574912.run(TempTestSuite1582026574912.groovy:36)
Caused by: org.openqa.selenium.TimeoutException: Expected condition failed: waiting for element to be clickable: [[CChromeDriver: chrome on LINUX (77b7f91a165e6d6f9afc958ce1a8eb7f)] -> xpath: //div[@id='list_ids']/div/div[2]/div[2]] (tried for 30 second(s) with 500 milliseconds interval)
Build info: version: '3.141.59', revision: 'e82be7d358', time: '2018-11-14T08:25:53'
System info: host: 'laptop-vitaly-rizaev.lan', ip: '192.168.0.39', os.name: 'Linux', os.arch: 'amd64', os.version: '5.3.0-28-generic', java.version: '1.8.0_242'
Driver info: com.kms.katalon.core.webui.driver.SmartWaitWebDriver
Capabilities {acceptInsecureCerts: false, browserName: chrome, browserVersion: 79.0.3945.117, chrome: {chromedriverVersion: 78.0.3904.70 (edb9c9f3de024..., userDataDir: /tmp/.com.google.Chrome.yeTgX4}, goog:chromeOptions: {debuggerAddress: localhost:34179}, javascriptEnabled: true, networkConnectionEnabled: false, pageLoadStrategy: normal, platform: LINUX, platformName: LINUX, proxy: Proxy(), setWindowRect: true, strictFileInteractability: false, timeouts: {implicit: 0, pageLoad: 300000, script: 30000}, unhandledPromptBehavior: dismiss and notify}
Session ID: 77b7f91a165e6d6f9afc958ce1a8eb7f
	at org.openqa.selenium.support.ui.WebDriverWait.timeoutException(WebDriverWait.java:95)
	at org.openqa.selenium.support.ui.FluentWait.until(FluentWait.java:272)
	at com.kms.katalon.core.webui.keyword.builtin.ClickKeyword$_click_closure1.doCall(ClickKeyword.groovy:56)
	at com.kms.katalon.core.webui.keyword.builtin.ClickKeyword$_click_closure1.call(ClickKeyword.groovy)
	at com.kms.katalon.core.webui.keyword.internal.WebUIKeywordMain.runKeyword(WebUIKeywordMain.groovy:20)
	... 19 more]]></system-err>
      </testcase>
      <testcase name="Test Cases/Testing/2_Create, Import/2_Data/4_Segments/create_dynamic_segment" time="14.755" classname="Test Cases/Testing/2_Create, Import/2_Data/4_Segments/create_dynamic_segment" status="PASSED">
         <system-out><![CDATA[2020-02-18 14:51:33 - [TEST_CASE][PASSED] - Test Cases/Testing/2_Create, Import/2_Data/4_Segments/create_dynamic_segment: Test Cases/Testing/2_Create, Import/2_Data/4_Segments/create_dynamic_segment

2020-02-18 14:51:33 - [TEST_STEP][PASSED] - openBrowser(""): Browser is opened with url: ''

2020-02-18 14:51:33 - [MESSAGE][WARNING] - A browser is already opened. Closing browser and opening a new one

2020-02-18 14:51:33 - [MESSAGE][INFO] - Starting 'Chrome' driver

2020-02-18 14:51:33 - [MESSAGE][INFO] - User set preference: ['chrome_profile', '{browser.download.folderList=2.0, browser.download.manager.showWhenStarting=false, browser.helperApps.neverAsk.saveToDisk=text/csv}']

2020-02-18 14:51:34 - [MESSAGE][PASSED] - Browser is opened with url: ''

2020-02-18 14:51:34 - [TEST_STEP][PASSED] - navigateToUrl(Domain): Navigate to 'https://vitaly-rizaev.dev.altkraft.com/home' successfully

2020-02-18 14:51:34 - [MESSAGE][PASSED] - Navigate to 'https://vitaly-rizaev.dev.altkraft.com/home' successfully

2020-02-18 14:51:34 - [TEST_STEP][PASSED] - setText(findTestObject("Create/2_Data/4_Segment/Dynamic_segment/Page_/input__username"), Login): Text 'vitaly@vitaly' is set on object 'Object Repository/Create/2_Data/4_Segment/Dynamic_segment/Page_/input__username'

2020-02-18 14:51:35 - [MESSAGE][PASSED] - Text 'vitaly@vitaly' is set on object 'Object Repository/Create/2_Data/4_Segment/Dynamic_segment/Page_/input__username'

2020-02-18 14:51:35 - [TEST_STEP][PASSED] - setEncryptedText(findTestObject("Create/2_Data/4_Segment/Dynamic_segment/Page_/input__password"), Password): Text ****** has been set on object 'Object Repository/Create/2_Data/4_Segment/Dynamic_segment/Page_/input__password'

2020-02-18 14:51:35 - [MESSAGE][PASSED] - Text ****** has been set on object 'Object Repository/Create/2_Data/4_Segment/Dynamic_segment/Page_/input__password'

2020-02-18 14:51:35 - [TEST_STEP][PASSED] - click(findTestObject("Create/2_Data/4_Segment/Dynamic_segment/Page_/div_")): Object: 'Object Repository/Create/2_Data/4_Segment/Dynamic_segment/Page_/div_' is clicked on

2020-02-18 14:51:35 - [MESSAGE][PASSED] - Object: 'Object Repository/Create/2_Data/4_Segment/Dynamic_segment/Page_/div_' is clicked on

2020-02-18 14:51:35 - [TEST_STEP][PASSED] - click(findTestObject("Create/2_Data/4_Segment/Dynamic_segment/Page_AK Dashboard/div_")): Object: 'Object Repository/Create/2_Data/4_Segment/Dynamic_segment/Page_AK Dashboard/div_' is clicked on

2020-02-18 14:51:40 - [MESSAGE][PASSED] - Object: 'Object Repository/Create/2_Data/4_Segment/Dynamic_segment/Page_AK Dashboard/div_' is clicked on

2020-02-18 14:51:40 - [TEST_STEP][PASSED] - click(findTestObject("Create/2_Data/4_Segment/Dynamic_segment/Page_AK Dashboard/a_")): Object: 'Object Repository/Create/2_Data/4_Segment/Dynamic_segment/Page_AK Dashboard/a_' is clicked on

2020-02-18 14:51:41 - [MESSAGE][PASSED] - Object: 'Object Repository/Create/2_Data/4_Segment/Dynamic_segment/Page_AK Dashboard/a_' is clicked on

2020-02-18 14:51:41 - [TEST_STEP][PASSED] - click(findTestObject("Create/2_Data/4_Segment/Dynamic_segment/Page_ -/a_")): Object: 'Object Repository/Create/2_Data/4_Segment/Dynamic_segment/Page_ -/a_' is clicked on

2020-02-18 14:51:43 - [MESSAGE][PASSED] - Object: 'Object Repository/Create/2_Data/4_Segment/Dynamic_segment/Page_ -/a_' is clicked on

2020-02-18 14:51:43 - [TEST_STEP][PASSED] - click(findTestObject("Create/2_Data/4_Segment/Dynamic_segment/Page_/div__1")): Object: 'Object Repository/Create/2_Data/4_Segment/Dynamic_segment/Page_/div__1' is clicked on

2020-02-18 14:51:44 - [MESSAGE][PASSED] - Object: 'Object Repository/Create/2_Data/4_Segment/Dynamic_segment/Page_/div__1' is clicked on

2020-02-18 14:51:44 - [TEST_STEP][PASSED] - setText(findTestObject("Create/2_Data/4_Segment/Dynamic_segment/Page_ -/input_ _name"), "Dynamic_segment"): Text 'Dynamic_segment' is set on object 'Object Repository/Create/2_Data/4_Segment/Dynamic_segment/Page_ -/input_ _name'

2020-02-18 14:51:45 - [MESSAGE][PASSED] - Text 'Dynamic_segment' is set on object 'Object Repository/Create/2_Data/4_Segment/Dynamic_segment/Page_ -/input_ _name'

2020-02-18 14:51:45 - [TEST_STEP][PASSED] - setText(findTestObject("Create/2_Data/4_Segment/Dynamic_segment/Page_ -/textarea_ _descr"), "dynamic segment"): Text 'dynamic segment' is set on object 'Object Repository/Create/2_Data/4_Segment/Dynamic_segment/Page_ -/textarea_ _descr'

2020-02-18 14:51:46 - [MESSAGE][PASSED] - Text 'dynamic segment' is set on object 'Object Repository/Create/2_Data/4_Segment/Dynamic_segment/Page_ -/textarea_ _descr'

2020-02-18 14:51:46 - [TEST_STEP][PASSED] - click(findTestObject("Create/2_Data/4_Segment/Dynamic_segment/Page_ -/button_")): Object: 'Object Repository/Create/2_Data/4_Segment/Dynamic_segment/Page_ -/button_' is clicked on

2020-02-18 14:51:46 - [MESSAGE][PASSED] - Object: 'Object Repository/Create/2_Data/4_Segment/Dynamic_segment/Page_ -/button_' is clicked on

2020-02-18 14:51:46 - [TEST_STEP][PASSED] - click(findTestObject("Create/2_Data/4_Segment/Dynamic_segment/Page_ -/button_")): Object: 'Object Repository/Create/2_Data/4_Segment/Dynamic_segment/Page_ -/button_' is clicked on

2020-02-18 14:51:47 - [MESSAGE][PASSED] - Object: 'Object Repository/Create/2_Data/4_Segment/Dynamic_segment/Page_ -/button_' is clicked on

2020-02-18 14:51:47 - [TEST_STEP][PASSED] - closeBrowser(): Browser is closed

2020-02-18 14:51:47 - [MESSAGE][PASSED] - Browser is closed]]></system-out>
         <system-err><![CDATA[]]></system-err>
      </testcase>
      <testcase name="Test Cases/Testing/2_Create, Import/2_Data/4_Segments/create_static_segment" time="15.324" classname="Test Cases/Testing/2_Create, Import/2_Data/4_Segments/create_static_segment" status="PASSED">
         <system-out><![CDATA[2020-02-18 14:51:47 - [TEST_CASE][PASSED] - Test Cases/Testing/2_Create, Import/2_Data/4_Segments/create_static_segment: Test Cases/Testing/2_Create, Import/2_Data/4_Segments/create_static_segment

2020-02-18 14:51:47 - [TEST_STEP][PASSED] - openBrowser(""): Browser is opened with url: ''

2020-02-18 14:51:47 - [MESSAGE][INFO] - Starting 'Chrome' driver

2020-02-18 14:51:47 - [MESSAGE][INFO] - User set preference: ['chrome_profile', '{browser.download.folderList=2.0, browser.download.manager.showWhenStarting=false, browser.helperApps.neverAsk.saveToDisk=text/csv}']

2020-02-18 14:51:48 - [MESSAGE][PASSED] - Browser is opened with url: ''

2020-02-18 14:51:48 - [TEST_STEP][PASSED] - navigateToUrl(Domain): Navigate to 'https://vitaly-rizaev.dev.altkraft.com/home' successfully

2020-02-18 14:51:49 - [MESSAGE][PASSED] - Navigate to 'https://vitaly-rizaev.dev.altkraft.com/home' successfully

2020-02-18 14:51:49 - [TEST_STEP][PASSED] - setText(findTestObject("Create/2_Data/4_Segment/Static_segment/Page_/input__username"), Login): Text 'vitaly@vitaly' is set on object 'Object Repository/Create/2_Data/4_Segment/Static_segment/Page_/input__username'

2020-02-18 14:51:49 - [MESSAGE][PASSED] - Text 'vitaly@vitaly' is set on object 'Object Repository/Create/2_Data/4_Segment/Static_segment/Page_/input__username'

2020-02-18 14:51:49 - [TEST_STEP][PASSED] - setEncryptedText(findTestObject("Create/2_Data/4_Segment/Static_segment/Page_/input__password"), Password): Text ****** has been set on object 'Object Repository/Create/2_Data/4_Segment/Static_segment/Page_/input__password'

2020-02-18 14:51:50 - [MESSAGE][PASSED] - Text ****** has been set on object 'Object Repository/Create/2_Data/4_Segment/Static_segment/Page_/input__password'

2020-02-18 14:51:50 - [TEST_STEP][PASSED] - click(findTestObject("Create/2_Data/4_Segment/Static_segment/Page_/div_")): Object: 'Object Repository/Create/2_Data/4_Segment/Static_segment/Page_/div_' is clicked on

2020-02-18 14:51:50 - [MESSAGE][PASSED] - Object: 'Object Repository/Create/2_Data/4_Segment/Static_segment/Page_/div_' is clicked on

2020-02-18 14:51:50 - [TEST_STEP][PASSED] - click(findTestObject("Create/2_Data/4_Segment/Static_segment/Page_AK Dashboard/div_")): Object: 'Object Repository/Create/2_Data/4_Segment/Static_segment/Page_AK Dashboard/div_' is clicked on

2020-02-18 14:51:55 - [MESSAGE][PASSED] - Object: 'Object Repository/Create/2_Data/4_Segment/Static_segment/Page_AK Dashboard/div_' is clicked on

2020-02-18 14:51:55 - [TEST_STEP][PASSED] - click(findTestObject("Create/2_Data/4_Segment/Static_segment/Page_AK Dashboard/a_")): Object: 'Object Repository/Create/2_Data/4_Segment/Static_segment/Page_AK Dashboard/a_' is clicked on

2020-02-18 14:51:55 - [MESSAGE][PASSED] - Object: 'Object Repository/Create/2_Data/4_Segment/Static_segment/Page_AK Dashboard/a_' is clicked on

2020-02-18 14:51:55 - [TEST_STEP][PASSED] - click(findTestObject("Create/2_Data/4_Segment/Static_segment/Page_ -/a_")): Object: 'Object Repository/Create/2_Data/4_Segment/Static_segment/Page_ -/a_' is clicked on

2020-02-18 14:51:57 - [MESSAGE][PASSED] - Object: 'Object Repository/Create/2_Data/4_Segment/Static_segment/Page_ -/a_' is clicked on

2020-02-18 14:51:57 - [TEST_STEP][PASSED] - click(findTestObject("Create/2_Data/4_Segment/Static_segment/Page_/div__1")): Object: 'Object Repository/Create/2_Data/4_Segment/Static_segment/Page_/div__1' is clicked on

2020-02-18 14:51:59 - [MESSAGE][PASSED] - Object: 'Object Repository/Create/2_Data/4_Segment/Static_segment/Page_/div__1' is clicked on

2020-02-18 14:51:59 - [TEST_STEP][PASSED] - setText(findTestObject("Create/2_Data/4_Segment/Static_segment/Page_ -/input_ _name"), "Static_segment"): Text 'Static_segment' is set on object 'Object Repository/Create/2_Data/4_Segment/Static_segment/Page_ -/input_ _name'

2020-02-18 14:52:01 - [MESSAGE][PASSED] - Text 'Static_segment' is set on object 'Object Repository/Create/2_Data/4_Segment/Static_segment/Page_ -/input_ _name'

2020-02-18 14:52:01 - [TEST_STEP][PASSED] - setText(findTestObject("Create/2_Data/4_Segment/Static_segment/Page_ -/textarea_ _descr"), "static segment"): Text 'static segment' is set on object 'Object Repository/Create/2_Data/4_Segment/Static_segment/Page_ -/textarea_ _descr'

2020-02-18 14:52:01 - [MESSAGE][PASSED] - Text 'static segment' is set on object 'Object Repository/Create/2_Data/4_Segment/Static_segment/Page_ -/textarea_ _descr'

2020-02-18 14:52:01 - [TEST_STEP][PASSED] - click(findTestObject("Create/2_Data/4_Segment/Static_segment/Page_ -/button_")): Object: 'Object Repository/Create/2_Data/4_Segment/Static_segment/Page_ -/button_' is clicked on

2020-02-18 14:52:02 - [MESSAGE][PASSED] - Object: 'Object Repository/Create/2_Data/4_Segment/Static_segment/Page_ -/button_' is clicked on

2020-02-18 14:52:02 - [TEST_STEP][PASSED] - click(findTestObject("Create/2_Data/4_Segment/Static_segment/Page_ -/button_")): Object: 'Object Repository/Create/2_Data/4_Segment/Static_segment/Page_ -/button_' is clicked on

2020-02-18 14:52:03 - [MESSAGE][PASSED] - Object: 'Object Repository/Create/2_Data/4_Segment/Static_segment/Page_ -/button_' is clicked on

2020-02-18 14:52:03 - [TEST_STEP][PASSED] - closeBrowser(): Browser is closed

2020-02-18 14:52:03 - [MESSAGE][PASSED] - Browser is closed]]></system-out>
         <system-err><![CDATA[]]></system-err>
      </testcase>
      <testcase name="Test Cases/Testing/2_Create, Import/3_Patterns/1_Templates/create_template_sms_2" time="15.575" classname="Test Cases/Testing/2_Create, Import/3_Patterns/1_Templates/create_template_sms_2" status="PASSED">
         <system-out><![CDATA[2020-02-18 14:52:03 - [TEST_CASE][PASSED] - Test Cases/Testing/2_Create, Import/3_Patterns/1_Templates/create_template_sms_2: Test Cases/Testing/2_Create, Import/3_Patterns/1_Templates/create_template_sms_2

2020-02-18 14:52:03 - [TEST_STEP][PASSED] - openBrowser(""): Browser is opened with url: ''

2020-02-18 14:52:03 - [MESSAGE][INFO] - Starting 'Chrome' driver

2020-02-18 14:52:03 - [MESSAGE][INFO] - User set preference: ['chrome_profile', '{browser.download.folderList=2.0, browser.download.manager.showWhenStarting=false, browser.helperApps.neverAsk.saveToDisk=text/csv}']

2020-02-18 14:52:03 - [MESSAGE][PASSED] - Browser is opened with url: ''

2020-02-18 14:52:03 - [TEST_STEP][PASSED] - navigateToUrl(Domain): Navigate to 'https://vitaly-rizaev.dev.altkraft.com/home' successfully

2020-02-18 14:52:04 - [MESSAGE][PASSED] - Navigate to 'https://vitaly-rizaev.dev.altkraft.com/home' successfully

2020-02-18 14:52:04 - [TEST_STEP][PASSED] - setText(findTestObject("Create/3_Patterns/1_Template/SMS_template_2/Page_/input__username"), Login): Text 'vitaly@vitaly' is set on object 'Object Repository/Create/3_Patterns/1_Template/SMS_template_2/Page_/input__username'

2020-02-18 14:52:04 - [MESSAGE][PASSED] - Text 'vitaly@vitaly' is set on object 'Object Repository/Create/3_Patterns/1_Template/SMS_template_2/Page_/input__username'

2020-02-18 14:52:04 - [TEST_STEP][PASSED] - setEncryptedText(findTestObject("Create/3_Patterns/1_Template/SMS_template_2/Page_/input__password"), Password): Text ****** has been set on object 'Object Repository/Create/3_Patterns/1_Template/SMS_template_2/Page_/input__password'

2020-02-18 14:52:05 - [MESSAGE][PASSED] - Text ****** has been set on object 'Object Repository/Create/3_Patterns/1_Template/SMS_template_2/Page_/input__password'

2020-02-18 14:52:05 - [TEST_STEP][PASSED] - click(findTestObject("Create/3_Patterns/1_Template/SMS_template_2/Page_/div_")): Object: 'Object Repository/Create/3_Patterns/1_Template/SMS_template_2/Page_/div_' is clicked on

2020-02-18 14:52:05 - [MESSAGE][PASSED] - Object: 'Object Repository/Create/3_Patterns/1_Template/SMS_template_2/Page_/div_' is clicked on

2020-02-18 14:52:05 - [TEST_STEP][PASSED] - click(findTestObject("Create/3_Patterns/1_Template/SMS_template_2/Page_AK Dashboard/div_")): Object: 'Object Repository/Create/3_Patterns/1_Template/SMS_template_2/Page_AK Dashboard/div_' is clicked on

2020-02-18 14:52:10 - [MESSAGE][PASSED] - Object: 'Object Repository/Create/3_Patterns/1_Template/SMS_template_2/Page_AK Dashboard/div_' is clicked on

2020-02-18 14:52:10 - [TEST_STEP][PASSED] - click(findTestObject("Create/3_Patterns/1_Template/SMS_template_2/Page_AK Dashboard/a_")): Object: 'Object Repository/Create/3_Patterns/1_Template/SMS_template_2/Page_AK Dashboard/a_' is clicked on

2020-02-18 14:52:10 - [MESSAGE][PASSED] - Object: 'Object Repository/Create/3_Patterns/1_Template/SMS_template_2/Page_AK Dashboard/a_' is clicked on

2020-02-18 14:52:10 - [TEST_STEP][PASSED] - click(findTestObject("Create/3_Patterns/1_Template/SMS_template_2/Page_/a_")): Object: 'Object Repository/Create/3_Patterns/1_Template/SMS_template_2/Page_/a_' is clicked on

2020-02-18 14:52:13 - [MESSAGE][PASSED] - Object: 'Object Repository/Create/3_Patterns/1_Template/SMS_template_2/Page_/a_' is clicked on

2020-02-18 14:52:13 - [TEST_STEP][PASSED] - click(findTestObject("Create/3_Patterns/1_Template/SMS_template_2/Page_/div_SMS")): Object: 'Object Repository/Create/3_Patterns/1_Template/SMS_template_2/Page_/div_SMS' is clicked on

2020-02-18 14:52:14 - [MESSAGE][PASSED] - Object: 'Object Repository/Create/3_Patterns/1_Template/SMS_template_2/Page_/div_SMS' is clicked on

2020-02-18 14:52:14 - [TEST_STEP][PASSED] - setText(findTestObject("Create/3_Patterns/1_Template/SMS_template_2/Page_/input_ _name"), "SMS_template_2"): Text 'SMS_template_2' is set on object 'Object Repository/Create/3_Patterns/1_Template/SMS_template_2/Page_/input_ _name'

2020-02-18 14:52:17 - [MESSAGE][PASSED] - Text 'SMS_template_2' is set on object 'Object Repository/Create/3_Patterns/1_Template/SMS_template_2/Page_/input_ _name'

2020-02-18 14:52:17 - [TEST_STEP][PASSED] - setText(findTestObject("Create/3_Patterns/1_Template/SMS_template_2/Page_/textarea_utm_texted"), "sms version"): Text 'sms version' is set on object 'Object Repository/Create/3_Patterns/1_Template/SMS_template_2/Page_/textarea_utm_texted'

2020-02-18 14:52:17 - [MESSAGE][PASSED] - Text 'sms version' is set on object 'Object Repository/Create/3_Patterns/1_Template/SMS_template_2/Page_/textarea_utm_texted'

2020-02-18 14:52:17 - [TEST_STEP][PASSED] - click(findTestObject("Create/3_Patterns/1_Template/SMS_template_2/Page_/button_")): Object: 'Object Repository/Create/3_Patterns/1_Template/SMS_template_2/Page_/button_' is clicked on

2020-02-18 14:52:18 - [MESSAGE][PASSED] - Object: 'Object Repository/Create/3_Patterns/1_Template/SMS_template_2/Page_/button_' is clicked on

2020-02-18 14:52:18 - [TEST_STEP][PASSED] - closeBrowser(): Browser is closed

2020-02-18 14:52:18 - [MESSAGE][PASSED] - Browser is closed]]></system-out>
         <system-err><![CDATA[]]></system-err>
      </testcase>
      <testcase name="Test Cases/Testing/2_Create, Import/3_Patterns/1_Templates/create_push_template_1" time="15.361" classname="Test Cases/Testing/2_Create, Import/3_Patterns/1_Templates/create_push_template_1" status="PASSED">
         <system-out><![CDATA[2020-02-18 14:52:18 - [TEST_CASE][PASSED] - Test Cases/Testing/2_Create, Import/3_Patterns/1_Templates/create_push_template_1: Test Cases/Testing/2_Create, Import/3_Patterns/1_Templates/create_push_template_1

2020-02-18 14:52:18 - [TEST_STEP][PASSED] - openBrowser(""): Browser is opened with url: ''

2020-02-18 14:52:18 - [MESSAGE][INFO] - Starting 'Chrome' driver

2020-02-18 14:52:18 - [MESSAGE][INFO] - User set preference: ['chrome_profile', '{browser.download.folderList=2.0, browser.download.manager.showWhenStarting=false, browser.helperApps.neverAsk.saveToDisk=text/csv}']

2020-02-18 14:52:19 - [MESSAGE][PASSED] - Browser is opened with url: ''

2020-02-18 14:52:19 - [TEST_STEP][PASSED] - navigateToUrl(Domain): Navigate to 'https://vitaly-rizaev.dev.altkraft.com/home' successfully

2020-02-18 14:52:20 - [MESSAGE][PASSED] - Navigate to 'https://vitaly-rizaev.dev.altkraft.com/home' successfully

2020-02-18 14:52:20 - [TEST_STEP][PASSED] - setText(findTestObject("Create/3_Patterns/1_Template/Push_template_1/Page_/input__username"), Login): Text 'vitaly@vitaly' is set on object 'Object Repository/Create/3_Patterns/1_Template/Push_template_1/Page_/input__username'

2020-02-18 14:52:20 - [MESSAGE][PASSED] - Text 'vitaly@vitaly' is set on object 'Object Repository/Create/3_Patterns/1_Template/Push_template_1/Page_/input__username'

2020-02-18 14:52:20 - [TEST_STEP][PASSED] - setEncryptedText(findTestObject("Create/3_Patterns/1_Template/Push_template_1/Page_/input__password"), Password): Text ****** has been set on object 'Object Repository/Create/3_Patterns/1_Template/Push_template_1/Page_/input__password'

2020-02-18 14:52:21 - [MESSAGE][PASSED] - Text ****** has been set on object 'Object Repository/Create/3_Patterns/1_Template/Push_template_1/Page_/input__password'

2020-02-18 14:52:21 - [TEST_STEP][PASSED] - click(findTestObject("Create/3_Patterns/1_Template/Push_template_1/Page_/div_")): Object: 'Object Repository/Create/3_Patterns/1_Template/Push_template_1/Page_/div_' is clicked on

2020-02-18 14:52:21 - [MESSAGE][PASSED] - Object: 'Object Repository/Create/3_Patterns/1_Template/Push_template_1/Page_/div_' is clicked on

2020-02-18 14:52:21 - [TEST_STEP][PASSED] - click(findTestObject("Create/3_Patterns/1_Template/Push_template_1/Page_AK Dashboard/div_")): Object: 'Object Repository/Create/3_Patterns/1_Template/Push_template_1/Page_AK Dashboard/div_' is clicked on

2020-02-18 14:52:26 - [MESSAGE][PASSED] - Object: 'Object Repository/Create/3_Patterns/1_Template/Push_template_1/Page_AK Dashboard/div_' is clicked on

2020-02-18 14:52:26 - [TEST_STEP][PASSED] - click(findTestObject("Create/3_Patterns/1_Template/Push_template_1/Page_AK Dashboard/a_")): Object: 'Object Repository/Create/3_Patterns/1_Template/Push_template_1/Page_AK Dashboard/a_' is clicked on

2020-02-18 14:52:26 - [MESSAGE][PASSED] - Object: 'Object Repository/Create/3_Patterns/1_Template/Push_template_1/Page_AK Dashboard/a_' is clicked on

[...]

2020-02-18 14:56:30 - [MESSAGE][PASSED] - Object: 'Object Repository/Create/4_Campaigns/Regular/Regular_sms/Page_/i_ _dropdown icon' is clicked on

2020-02-18 14:56:30 - [TEST_STEP][PASSED] - click(findTestObject("Object Repository/Create/4_Campaigns/Regular/Regular_sms/Page_/div_SMS")): Object: 'Object Repository/Create/4_Campaigns/Regular/Regular_sms/Page_/div_SMS' is clicked on

2020-02-18 14:56:31 - [MESSAGE][PASSED] - Object: 'Object Repository/Create/4_Campaigns/Regular/Regular_sms/Page_/div_SMS' is clicked on

2020-02-18 14:56:31 - [TEST_STEP][PASSED] - selectOptionByValue(findTestObject("Object Repository/Create/4_Campaigns/Regular/Regular_sms/Page_/select_ EmailSMSPush"), "sms", true): All options with value 'sms' are selected in object 'Object Repository/Create/4_Campaigns/Regular/Regular_sms/Page_/select_ EmailSMSPush'  using regular expression

2020-02-18 14:56:32 - [MESSAGE][PASSED] - All options with value 'sms' are selected in object 'Object Repository/Create/4_Campaigns/Regular/Regular_sms/Page_/select_ EmailSMSPush'  using regular expression

2020-02-18 14:56:32 - [TEST_STEP][PASSED] - click(findTestObject("Object Repository/Create/4_Campaigns/Regular/Regular_sms/Page_/div__1")): Object: 'Object Repository/Create/4_Campaigns/Regular/Regular_sms/Page_/div__1' is clicked on

2020-02-18 14:56:32 - [MESSAGE][PASSED] - Object: 'Object Repository/Create/4_Campaigns/Regular/Regular_sms/Page_/div__1' is clicked on

2020-02-18 14:56:32 - [TEST_STEP][PASSED] - click(findTestObject("Create/4_Campaigns/Regular/Regular_sms/Page_/div_91 -dropSMS")): Object: 'Object Repository/Create/4_Campaigns/Regular/Regular_sms/Page_/div_91 -dropSMS' is clicked on

2020-02-18 14:56:34 - [MESSAGE][PASSED] - Object: 'Object Repository/Create/4_Campaigns/Regular/Regular_sms/Page_/div_91 -dropSMS' is clicked on

2020-02-18 14:56:34 - [TEST_STEP][PASSED] - setText(findTestObject("Object Repository/Create/4_Campaigns/Regular/Regular_sms/Page_/input_ _search"), "SMS_resource"): Text 'SMS_resource' is set on object 'Object Repository/Create/4_Campaigns/Regular/Regular_sms/Page_/input_ _search'

2020-02-18 14:56:34 - [MESSAGE][PASSED] - Text 'SMS_resource' is set on object 'Object Repository/Create/4_Campaigns/Regular/Regular_sms/Page_/input_ _search'

2020-02-18 14:56:34 - [TEST_STEP][PASSED] - click(findTestObject("Object Repository/Create/4_Campaigns/Regular/Regular_sms/Page_/div_91 - SMS_resourceEmailSMS")): Object: 'Object Repository/Create/4_Campaigns/Regular/Regular_sms/Page_/div_91 - SMS_resourceEmailSMS' is clicked on

2020-02-18 14:56:35 - [MESSAGE][PASSED] - Object: 'Object Repository/Create/4_Campaigns/Regular/Regular_sms/Page_/div_91 - SMS_resourceEmailSMS' is clicked on

2020-02-18 14:56:35 - [TEST_STEP][PASSED] - click(findTestObject("Create/4_Campaigns/Regular/Regular_sms/Page_/div_123 - drop")): Object: 'Object Repository/Create/4_Campaigns/Regular/Regular_sms/Page_/div_123 - drop' is clicked on

2020-02-18 14:56:35 - [MESSAGE][PASSED] - Object: 'Object Repository/Create/4_Campaigns/Regular/Regular_sms/Page_/div_123 - drop' is clicked on

2020-02-18 14:56:35 - [TEST_STEP][PASSED] - setText(findTestObject("Object Repository/Create/4_Campaigns/Regular/Regular_sms/Page_/input_  _search"), "Database_1"): Text 'Database_1' is set on object 'Object Repository/Create/4_Campaigns/Regular/Regular_sms/Page_/input_  _search'

2020-02-18 14:56:36 - [MESSAGE][PASSED] - Text 'Database_1' is set on object 'Object Repository/Create/4_Campaigns/Regular/Regular_sms/Page_/input_  _search'

2020-02-18 14:56:36 - [TEST_STEP][PASSED] - click(findTestObject("Object Repository/Create/4_Campaigns/Regular/Regular_sms/Page_/div_123 - Database_15")): Object: 'Object Repository/Create/4_Campaigns/Regular/Regular_sms/Page_/div_123 - Database_15' is clicked on

2020-02-18 14:56:37 - [MESSAGE][PASSED] - Object: 'Object Repository/Create/4_Campaigns/Regular/Regular_sms/Page_/div_123 - Database_15' is clicked on

2020-02-18 14:56:37 - [TEST_STEP][PASSED] - click(findTestObject("Create/4_Campaigns/Regular/Regular_sms/Page_/div_next_1")): Object: 'Object Repository/Create/4_Campaigns/Regular/Regular_sms/Page_/div_next_1' is clicked on

2020-02-18 14:56:37 - [MESSAGE][PASSED] - Object: 'Object Repository/Create/4_Campaigns/Regular/Regular_sms/Page_/div_next_1' is clicked on

2020-02-18 14:56:37 - [TEST_STEP][PASSED] - click(findTestObject("Object Repository/Create/4_Campaigns/Regular/Regular_sms/Page_/i_ _ui big plus square outline icon")): Object: 'Object Repository/Create/4_Campaigns/Regular/Regular_sms/Page_/i_ _ui big plus square outline icon' is clicked on

2020-02-18 14:56:38 - [MESSAGE][PASSED] - Object: 'Object Repository/Create/4_Campaigns/Regular/Regular_sms/Page_/i_ _ui big plus square outline icon' is clicked on

2020-02-18 14:56:38 - [TEST_STEP][PASSED] - setText(findTestObject("Object Repository/Create/4_Campaigns/Regular/Regular_sms/Page_/input_ _prompt"), "SMS_template_1"): Text 'SMS_template_1' is set on object 'Object Repository/Create/4_Campaigns/Regular/Regular_sms/Page_/input_ _prompt'

2020-02-18 14:56:40 - [MESSAGE][PASSED] - Text 'SMS_template_1' is set on object 'Object Repository/Create/4_Campaigns/Regular/Regular_sms/Page_/input_ _prompt'

2020-02-18 14:56:40 - [TEST_STEP][PASSED] - waitForElementNotClickable(findTestObject("Object Repository/Create/4_Campaigns/Regular/Regular_sms/Page_/div_134 SMS_template_12020-02-17 127 SMS_te_175f7f"), 3): Object 'Object Repository/Create/4_Campaigns/Regular/Regular_sms/Page_/div_134 SMS_template_12020-02-17 127 SMS_te_175f7f' is not clickable after 3 second(s)

2020-02-18 14:56:43 - [MESSAGE][WARNING] - Object 'Object Repository/Create/4_Campaigns/Regular/Regular_sms/Page_/div_134 SMS_template_12020-02-17 127 SMS_te_175f7f' is not clickable after 3 second(s)

2020-02-18 14:56:43 - [TEST_STEP][PASSED] - click(findTestObject("Object Repository/Create/4_Campaigns/Regular/Regular_sms/Page_/i_134_ui icon big plus square outline")): Object: 'Object Repository/Create/4_Campaigns/Regular/Regular_sms/Page_/i_134_ui icon big plus square outline' is clicked on

2020-02-18 14:56:44 - [MESSAGE][PASSED] - Object: 'Object Repository/Create/4_Campaigns/Regular/Regular_sms/Page_/i_134_ui icon big plus square outline' is clicked on

2020-02-18 14:56:44 - [TEST_STEP][PASSED] - click(findTestObject("Create/4_Campaigns/Regular/Regular_sms/Page_/div_next_2")): Object: 'Object Repository/Create/4_Campaigns/Regular/Regular_sms/Page_/div_next_2' is clicked on

2020-02-18 14:56:44 - [MESSAGE][PASSED] - Object: 'Object Repository/Create/4_Campaigns/Regular/Regular_sms/Page_/div_next_2' is clicked on

2020-02-18 14:56:44 - [TEST_STEP][PASSED] - click(findTestObject("Object Repository/Create/4_Campaigns/Regular/Regular_sms/Page_/div__1_2")): Object: 'Object Repository/Create/4_Campaigns/Regular/Regular_sms/Page_/div__1_2' is clicked on

2020-02-18 14:56:45 - [MESSAGE][PASSED] - Object: 'Object Repository/Create/4_Campaigns/Regular/Regular_sms/Page_/div__1_2' is clicked on

2020-02-18 14:56:45 - [TEST_STEP][PASSED] - click(findTestObject("Object Repository/Create/4_Campaigns/Regular/Regular_sms/Page_/label_    ( )")): Object: 'Object Repository/Create/4_Campaigns/Regular/Regular_sms/Page_/label_    ( )' is clicked on

2020-02-18 14:56:46 - [MESSAGE][PASSED] - Object: 'Object Repository/Create/4_Campaigns/Regular/Regular_sms/Page_/label_    ( )' is clicked on

2020-02-18 14:56:46 - [TEST_STEP][PASSED] - click(findTestObject("Object Repository/Create/4_Campaigns/Regular/Regular_sms/Page_/button_")): Object: 'Object Repository/Create/4_Campaigns/Regular/Regular_sms/Page_/button_' is clicked on

2020-02-18 14:56:46 - [MESSAGE][PASSED] - Object: 'Object Repository/Create/4_Campaigns/Regular/Regular_sms/Page_/button_' is clicked on

2020-02-18 14:56:46 - [TEST_STEP][PASSED] - closeBrowser(): Browser is closed

2020-02-18 14:56:46 - [MESSAGE][PASSED] - Browser is closed]]></system-out>
         <system-err><![CDATA[]]></system-err>
      </testcase>
      <testcase name="Test Cases/Testing/2_Create, Import/6_Pixels/create_pixel" time="10.363" classname="Test Cases/Testing/2_Create, Import/6_Pixels/create_pixel" status="PASSED">
         <system-out><![CDATA[2020-02-18 14:56:46 - [TEST_CASE][PASSED] - Test Cases/Testing/2_Create, Import/6_Pixels/create_pixel: Test Cases/Testing/2_Create, Import/6_Pixels/create_pixel

2020-02-18 14:56:46 - [TEST_STEP][PASSED] - openBrowser(""): Browser is opened with url: ''

2020-02-18 14:56:46 - [MESSAGE][INFO] - Starting 'Chrome' driver

2020-02-18 14:56:46 - [MESSAGE][INFO] - User set preference: ['chrome_profile', '{browser.download.folderList=2.0, browser.download.manager.showWhenStarting=false, browser.helperApps.neverAsk.saveToDisk=text/csv}']

2020-02-18 14:56:47 - [MESSAGE][PASSED] - Browser is opened with url: ''

2020-02-18 14:56:47 - [TEST_STEP][PASSED] - navigateToUrl(Domain): Navigate to 'https://vitaly-rizaev.dev.altkraft.com/home' successfully

2020-02-18 14:56:47 - [MESSAGE][PASSED] - Navigate to 'https://vitaly-rizaev.dev.altkraft.com/home' successfully

2020-02-18 14:56:47 - [TEST_STEP][PASSED] - setText(findTestObject("Create/6_Pixels/Page_/input__username"), Login): Text 'vitaly@vitaly' is set on object 'Object Repository/Create/6_Pixels/Page_/input__username'

2020-02-18 14:56:48 - [MESSAGE][PASSED] - Text 'vitaly@vitaly' is set on object 'Object Repository/Create/6_Pixels/Page_/input__username'

2020-02-18 14:56:48 - [TEST_STEP][PASSED] - setEncryptedText(findTestObject("Create/6_Pixels/Page_/input__password"), Password): Text ****** has been set on object 'Object Repository/Create/6_Pixels/Page_/input__password'

2020-02-18 14:56:48 - [MESSAGE][PASSED] - Text ****** has been set on object 'Object Repository/Create/6_Pixels/Page_/input__password'

2020-02-18 14:56:48 - [TEST_STEP][PASSED] - click(findTestObject("Create/6_Pixels/Page_/div_")): Object: 'Object Repository/Create/6_Pixels/Page_/div_' is clicked on

2020-02-18 14:56:49 - [MESSAGE][PASSED] - Object: 'Object Repository/Create/6_Pixels/Page_/div_' is clicked on

2020-02-18 14:56:49 - [TEST_STEP][PASSED] - click(findTestObject("Create/6_Pixels/Page_AK Dashboard/a_")): Object: 'Object Repository/Create/6_Pixels/Page_AK Dashboard/a_' is clicked on

2020-02-18 14:56:53 - [MESSAGE][PASSED] - Object: 'Object Repository/Create/6_Pixels/Page_AK Dashboard/a_' is clicked on

2020-02-18 14:56:53 - [TEST_STEP][PASSED] - click(findTestObject("Create/6_Pixels/Page_/a_")): Object: 'Object Repository/Create/6_Pixels/Page_/a_' is clicked on

2020-02-18 14:56:55 - [MESSAGE][PASSED] - Object: 'Object Repository/Create/6_Pixels/Page_/a_' is clicked on

2020-02-18 14:56:55 - [TEST_STEP][PASSED] - setText(findTestObject("Create/6_Pixels/Page_ -/input_ _name"), "Pixel_1"): Text 'Pixel_1' is set on object 'Object Repository/Create/6_Pixels/Page_ -/input_ _name'

2020-02-18 14:56:56 - [MESSAGE][PASSED] - Text 'Pixel_1' is set on object 'Object Repository/Create/6_Pixels/Page_ -/input_ _name'

2020-02-18 14:56:56 - [TEST_STEP][PASSED] - click(findTestObject("Create/6_Pixels/Page_ -/button_")): Object: 'Object Repository/Create/6_Pixels/Page_ -/button_' is clicked on

2020-02-18 14:56:57 - [MESSAGE][PASSED] - Object: 'Object Repository/Create/6_Pixels/Page_ -/button_' is clicked on

2020-02-18 14:56:57 - [TEST_STEP][PASSED] - closeBrowser(): Browser is closed

2020-02-18 14:56:57 - [MESSAGE][PASSED] - Browser is closed]]></system-out>
         <system-err><![CDATA[]]></system-err>
      </testcase>
      <testcase name="Test Cases/Testing/2_Create, Import/7_Loyalty/create_loyality" time="0.09" classname="Test Cases/Testing/2_Create, Import/7_Loyalty/create_loyality" status="PASSED">
         <system-out><![CDATA[2020-02-18 14:56:57 - [TEST_CASE][PASSED] - Test Cases/Testing/2_Create, Import/7_Loyalty/create_loyality: Test Cases/Testing/2_Create, Import/7_Loyalty/create_loyality

2020-02-18 14:56:57 - [TEST_STEP][PASSED] - return null: null]]></system-out>
         <system-err><![CDATA[]]></system-err>
      </testcase>
      <system-out><![CDATA[2020-02-18 14:49:40 - [TEST_SUITE][FAILED] - New Test Suite: Test Cases/Testing/2_Create, Import/1_Resource/Create email resource FAILED.
Reason:
com.kms.katalon.core.exception.StepFailedException: Unable to click on object 'Object Repository/Create/1_Resource/Resource_email/Page_ -/div_123 - Database_1'
	at com.kms.katalon.core.webui.keyword.internal.WebUIKeywordMain.stepFailed(WebUIKeywordMain.groovy:64)
	at com.kms.katalon.core.webui.keyword.internal.WebUIKeywordMain.runKeyword(WebUIKeywordMain.groovy:26)
	at com.kms.katalon.core.webui.keyword.builtin.ClickKeyword.click(ClickKeyword.groovy:79)
	at com.kms.katalon.core.webui.keyword.builtin.ClickKeyword.execute(ClickKeyword.groovy:42)
	at com.kms.katalon.core.keyword.internal.KeywordExecutor.executeKeywordForPlatform(KeywordExecutor.groovy:60)
	at com.kms.katalon.core.webui.keyword.WebUiBuiltInKeywords.click(WebUiBuiltInKeywords.groovy:616)
	at com.kms.katalon.core.webui.keyword.WebUiBuiltInKeywords$click$3.call(Unknown Source)
	at Create email resource.run(Create email resource:41)
	at com.kms.katalon.core.main.ScriptEngine.run(ScriptEngine.java:194)
	at com.kms.katalon.core.main.ScriptEngine.runScriptAsRawText(ScriptEngine.java:119)
	at com.kms.katalon.core.main.TestCaseExecutor.runScript(TestCaseExecutor.java:337)
	at com.kms.katalon.core.main.TestCaseExecutor.doExecute(TestCaseExecutor.java:328)
	at com.kms.katalon.core.main.TestCaseExecutor.processExecutionPhase(TestCaseExecutor.java:307)
	at com.kms.katalon.core.main.TestCaseExecutor.accessMainPhase(TestCaseExecutor.java:299)
	at com.kms.katalon.core.main.TestCaseExecutor.execute(TestCaseExecutor.java:233)
	at com.kms.katalon.core.main.TestSuiteExecutor.accessTestCaseMainPhase(TestSuiteExecutor.java:169)
	at com.kms.katalon.core.main.TestSuiteExecutor.accessTestSuiteMainPhase(TestSuiteExecutor.java:142)
	at com.kms.katalon.core.main.TestSuiteExecutor.execute(TestSuiteExecutor.java:91)
	at com.kms.katalon.core.main.TestCaseMain.startTestSuite(TestCaseMain.java:157)
	at com.kms.katalon.core.main.TestCaseMain$startTestSuite$0.call(Unknown Source)
	at TempTestSuite1582026574912.run(TempTestSuite1582026574912.groovy:36)
Caused by: org.openqa.selenium.TimeoutException: Expected condition failed: waiting for element to be clickable: [[CChromeDriver: chrome on LINUX (ef6346b7768b8ab066f10de02b47c00f)] -> xpath: //div[@id='list_ids']/div/div[2]/div[2]] (tried for 30 second(s) with 500 milliseconds interval)
Build info: version: '3.141.59', revision: 'e82be7d358', time: '2018-11-14T08:25:53'
System info: host: 'laptop-vitaly-rizaev.lan', ip: '192.168.0.39', os.name: 'Linux', os.arch: 'amd64', os.version: '5.3.0-28-generic', java.version: '1.8.0_242'
Driver info: com.kms.katalon.core.webui.driver.SmartWaitWebDriver
Capabilities {acceptInsecureCerts: false, browserName: chrome, browserVersion: 79.0.3945.117, chrome: {chromedriverVersion: 78.0.3904.70 (edb9c9f3de024..., userDataDir: /tmp/.com.google.Chrome.vZ8P00}, goog:chromeOptions: {debuggerAddress: localhost:42881}, javascriptEnabled: true, networkConnectionEnabled: false, pageLoadStrategy: normal, platform: LINUX, platformName: LINUX, proxy: Proxy(), setWindowRect: true, strictFileInteractability: false, timeouts: {implicit: 0, pageLoad: 300000, script: 30000}, unhandledPromptBehavior: dismiss and notify}
Session ID: ef6346b7768b8ab066f10de02b47c00f
	at org.openqa.selenium.support.ui.WebDriverWait.timeoutException(WebDriverWait.java:95)
	at org.openqa.selenium.support.ui.FluentWait.until(FluentWait.java:272)
	at com.kms.katalon.core.webui.keyword.builtin.ClickKeyword$_click_closure1.doCall(ClickKeyword.groovy:56)
	at com.kms.katalon.core.webui.keyword.builtin.ClickKeyword$_click_closure1.call(ClickKeyword.groovy)
	at com.kms.katalon.core.webui.keyword.internal.WebUIKeywordMain.runKeyword(WebUIKeywordMain.groovy:20)
	... 19 more]]></system-out>
      <system-err><![CDATA[2020-02-18 14:49:40 - [TEST_SUITE][FAILED] - New Test Suite: Test Cases/Testing/2_Create, Import/1_Resource/Create email resource FAILED.
Reason:
com.kms.katalon.core.exception.StepFailedException: Unable to click on object 'Object Repository/Create/1_Resource/Resource_email/Page_ -/div_123 - Database_1'
	at com.kms.katalon.core.webui.keyword.internal.WebUIKeywordMain.stepFailed(WebUIKeywordMain.groovy:64)
	at com.kms.katalon.core.webui.keyword.internal.WebUIKeywordMain.runKeyword(WebUIKeywordMain.groovy:26)
	at com.kms.katalon.core.webui.keyword.builtin.ClickKeyword.click(ClickKeyword.groovy:79)
	at com.kms.katalon.core.webui.keyword.builtin.ClickKeyword.execute(ClickKeyword.groovy:42)
	at com.kms.katalon.core.keyword.internal.KeywordExecutor.executeKeywordForPlatform(KeywordExecutor.groovy:60)
	at com.kms.katalon.core.webui.keyword.WebUiBuiltInKeywords.click(WebUiBuiltInKeywords.groovy:616)
	at com.kms.katalon.core.webui.keyword.WebUiBuiltInKeywords$click$3.call(Unknown Source)
	at Create email resource.run(Create email resource:41)
	at com.kms.katalon.core.main.ScriptEngine.run(ScriptEngine.java:194)
	at com.kms.katalon.core.main.ScriptEngine.runScriptAsRawText(ScriptEngine.java:119)
	at com.kms.katalon.core.main.TestCaseExecutor.runScript(TestCaseExecutor.java:337)
	at com.kms.katalon.core.main.TestCaseExecutor.doExecute(TestCaseExecutor.java:328)
	at com.kms.katalon.core.main.TestCaseExecutor.processExecutionPhase(TestCaseExecutor.java:307)
	at com.kms.katalon.core.main.TestCaseExecutor.accessMainPhase(TestCaseExecutor.java:299)
	at com.kms.katalon.core.main.TestCaseExecutor.execute(TestCaseExecutor.java:233)
	at com.kms.katalon.core.main.TestSuiteExecutor.accessTestCaseMainPhase(TestSuiteExecutor.java:169)
	at com.kms.katalon.core.main.TestSuiteExecutor.accessTestSuiteMainPhase(TestSuiteExecutor.java:142)
	at com.kms.katalon.core.main.TestSuiteExecutor.execute(TestSuiteExecutor.java:91)
	at com.kms.katalon.core.main.TestCaseMain.startTestSuite(TestCaseMain.java:157)
	at com.kms.katalon.core.main.TestCaseMain$startTestSuite$0.call(Unknown Source)
	at TempTestSuite1582026574912.run(TempTestSuite1582026574912.groovy:36)
Caused by: org.openqa.selenium.TimeoutException: Expected condition failed: waiting for element to be clickable: [[CChromeDriver: chrome on LINUX (ef6346b7768b8ab066f10de02b47c00f)] -> xpath: //div[@id='list_ids']/div/div[2]/div[2]] (tried for 30 second(s) with 500 milliseconds interval)
Build info: version: '3.141.59', revision: 'e82be7d358', time: '2018-11-14T08:25:53'
System info: host: 'laptop-vitaly-rizaev.lan', ip: '192.168.0.39', os.name: 'Linux', os.arch: 'amd64', os.version: '5.3.0-28-generic', java.version: '1.8.0_242'
Driver info: com.kms.katalon.core.webui.driver.SmartWaitWebDriver
Capabilities {acceptInsecureCerts: false, browserName: chrome, browserVersion: 79.0.3945.117, chrome: {chromedriverVersion: 78.0.3904.70 (edb9c9f3de024..., userDataDir: /tmp/.com.google.Chrome.vZ8P00}, goog:chromeOptions: {debuggerAddress: localhost:42881}, javascriptEnabled: true, networkConnectionEnabled: false, pageLoadStrategy: normal, platform: LINUX, platformName: LINUX, proxy: Proxy(), setWindowRect: true, strictFileInteractability: false, timeouts: {implicit: 0, pageLoad: 300000, script: 30000}, unhandledPromptBehavior: dismiss and notify}
Session ID: ef6346b7768b8ab066f10de02b47c00f
	at org.openqa.selenium.support.ui.WebDriverWait.timeoutException(WebDriverWait.java:95)
	at org.openqa.selenium.support.ui.FluentWait.until(FluentWait.java:272)
	at com.kms.katalon.core.webui.keyword.builtin.ClickKeyword$_click_closure1.doCall(ClickKeyword.groovy:56)
	at com.kms.katalon.core.webui.keyword.builtin.ClickKeyword$_click_closure1.call(ClickKeyword.groovy)
	at com.kms.katalon.core.webui.keyword.internal.WebUIKeywordMain.runKeyword(WebUIKeywordMain.groovy:20)
	... 19 more]]></system-err>
   </testsuite>
</testsuites>
